12/17 12:59  CSVファイルの取得開始
12/17 12:59  CSVファイルの取得終了
12/17 12:59  Excelファイルの取得開始
12/17 12:59  *.xltファイルの取得終了
12/17 12:59  *.xlsファイルの取得終了
12/17 12:59  *.xmlファイルの取得終了
12/17 12:59  *.xlaファイルの取得終了
12/17 12:59  *.xlwファイルの取得終了
12/17 12:59  Excelファイル取得正常終了
12/17 12:59  パスワード設定の開始
12/17 12:59  1 - コピー (34).xlsxのパスワード設定中
12/17 12:59  1 - コピー (60).xlsxのパスワード設定中
12/17 12:59  1 - コピー (86).xlsxのパスワード設定中
12/17 12:59  1 - コピー (5).xlsxのパスワード設定中
12/17 12:59  1 - コピー (31).xlsxのパスワード設定中
12/17 13:00  1 - コピー (86).xlsxはパスワードが設定されている為、パスワードを設定できません。
12/17 13:00  1 - コピー (87).xlsxのパスワード設定中
12/17 13:00  1 - コピー (5).xlsxはパスワードが設定されている為、パスワードを設定できません。
12/17 13:00  1 - コピー (6).xlsxのパスワード設定中
12/17 13:00  1 - コピー (60).xlsxはパスワードが設定されている為、パスワードを設定できません。
12/17 13:00  1 - コピー (61).xlsxのパスワード設定中
12/17 13:00  1 - コピー (34).xlsxはパスワードが設定されている為、パスワードを設定できません。
12/17 13:00  1 - コピー (35).xlsxのパスワード設定中
12/17 13:00  1 - コピー (31).xlsxはパスワードが設定されている為、パスワードを設定できません。
12/17 13:00  1 - コピー (87).xlsxはパスワードが設定されている為、パスワードを設定できません。
12/17 13:00  1 - コピー (6).xlsxはパスワードが設定されている為、パスワードを設定できません。
12/17 13:00  1 - コピー (61).xlsxはパスワードが設定されている為、パスワードを設定できません。
12/17 13:00  1 - コピー (35).xlsxはパスワードが設定されている為、パスワードを設定できません。
12/17 13:04  CSVファイルの取得開始
12/17 13:04  CSVファイルの取得終了
12/17 13:04  Excelファイルの取得開始
12/17 13:04  *.xltファイルの取得終了
12/17 13:04  *.xlsファイルの取得終了
12/17 13:04  *.xmlファイルの取得終了
12/17 13:04  *.xlaファイルの取得終了
12/17 13:04  *.xlwファイルの取得終了
12/17 13:04  Excelファイル取得正常終了
12/17 13:04  パスワード設定の開始
12/17 13:04  1 - コピー (34).xlsxのパスワード設定中
12/17 13:04  1 - コピー (60).xlsxのパスワード設定中
12/17 13:04  1 - コピー (86).xlsxのパスワード設定中
12/17 13:04  1 - コピー (5).xlsxのパスワード設定中
12/17 13:04  1 - コピー (34).xlsxはパスワードが設定されている為、パスワードを設定できません。
12/17 13:04  1 - コピー (35).xlsxのパスワード設定中
12/17 13:04  1 - コピー (60).xlsxはパスワードが設定されている為、パスワードを設定できません。
12/17 13:04  1 - コピー (61).xlsxのパスワード設定中
12/17 13:04  1 - コピー (5).xlsxはパスワードが設定されている為、パスワードを設定できません。
12/17 13:04  1 - コピー (6).xlsxのパスワード設定中
12/17 13:04  1 - コピー (86).xlsxはパスワードが設定されている為、パスワードを設定できません。
12/17 13:04  1 - コピー (87).xlsxのパスワード設定中
12/17 13:04  1 - コピー (35).xlsxはパスワードが設定されている為、パスワードを設定できません。
12/17 13:04  1 - コピー (36).xlsxのパスワード設定中
12/17 13:04  1 - コピー (61).xlsxはパスワードが設定されている為、パスワードを設定できません。
12/17 13:04  1 - コピー (62).xlsxのパスワード設定中
12/17 13:04  1 - コピー (6).xlsxはパスワードが設定されている為、パスワードを設定できません。
12/17 13:04  1 - コピー (7).xlsxのパスワード設定中
12/17 13:05  1 - コピー (87).xlsxはパスワードが設定されている為、パスワードを設定できません。
12/17 13:05  1 - コピー (88).xlsxのパスワード設定中
12/17 13:05  1 - コピー (36).xlsxはパスワードが設定されている為、パスワードを設定できません。
12/17 13:05  1 - コピー (37).xlsxのパスワード設定中
12/17 13:05  1 - コピー (31).xlsxのパスワード設定中
12/17 13:05  1 - コピー (62).xlsxはパスワードが設定されている為、パスワードを設定できません。
12/17 13:05  1 - コピー (63).xlsxのパスワード設定中
12/17 13:05  1 - コピー (7).xlsxはパスワードが設定されている為、パスワードを設定できません。
12/17 13:05  1 - コピー (8).xlsxのパスワード設定中
12/17 13:05  1 - コピー (88).xlsxはパスワードが設定されている為、パスワードを設定できません。
12/17 13:05  1 - コピー (89).xlsxのパスワード設定中
12/17 13:05  1 - コピー (37).xlsxはパスワードが設定されている為、パスワードを設定できません。
12/17 13:05  1 - コピー (38).xlsxのパスワード設定中
12/17 13:05  1 - コピー (31).xlsxはパスワードが設定されている為、パスワードを設定できません。
12/17 13:05  1 - コピー (63).xlsxはパスワードが設定されている為、パスワードを設定できません。
12/17 13:05  1 - コピー (8).xlsxはパスワードが設定されている為、パスワードを設定できません。
12/17 13:05  1 - コピー (89).xlsxはパスワードが設定されている為、パスワードを設定できません。
12/17 13:05  1 - コピー (38).xlsxはパスワードが設定されている為、パスワードを設定できません。
12/17 13:07  CSVファイルの取得開始
12/17 13:07  CSVファイルの取得終了
12/17 13:07  Excelファイルの取得開始
12/17 13:07  *.xltファイルの取得終了
12/17 13:07  *.xlsファイルの取得終了
12/17 13:07  *.xmlファイルの取得終了
12/17 13:07  *.xlaファイルの取得終了
12/17 13:07  *.xlwファイルの取得終了
12/17 13:07  Excelファイル取得正常終了
12/17 13:07  パスワード設定の開始
12/17 13:07  1 - コピー (60).xlsxのパスワード設定中
12/17 13:07  1 - コピー (34).xlsxのパスワード設定中
12/17 13:07  1 - コピー (5).xlsxのパスワード設定中
12/17 13:07  1 - コピー (86).xlsxのパスワード設定中
12/17 13:07  1 - コピー (31).xlsxのパスワード設定中
12/17 13:07  1 - コピー (5).xlsxはパスワードが設定されている為、パスワードを設定できません。
12/17 13:07  1 - コピー (6).xlsxのパスワード設定中
12/17 13:07  1 - コピー (34).xlsxはパスワードが設定されている為、パスワードを設定できません。
12/17 13:07  1 - コピー (35).xlsxのパスワード設定中
12/17 13:07  1 - コピー (86).xlsxはパスワードが設定されている為、パスワードを設定できません。
12/17 13:07  1 - コピー (87).xlsxのパスワード設定中
12/17 13:07  1 - コピー (60).xlsxはパスワードが設定されている為、パスワードを設定できません。
12/17 13:07  1 - コピー (61).xlsxのパスワード設定中
12/17 13:07  1 - コピー (31).xlsxはパスワードが設定されている為、パスワードを設定できません。
12/17 13:07  1 - コピー (32).xlsxのパスワード設定中
12/17 13:07  1 - コピー (6).xlsxはパスワードが設定されている為、パスワードを設定できません。
12/17 13:07  1 - コピー (35).xlsxはパスワードが設定されている為、パスワードを設定できません。
12/17 13:07  1 - コピー (87).xlsxはパスワードが設定されている為、パスワードを設定できません。
12/17 13:07  1 - コピー (61).xlsxはパスワードが設定されている為、パスワードを設定できません。
12/17 13:07  1 - コピー (32).xlsxはパスワードが設定されている為、パスワードを設定できません。
12/17 13:08  CSVファイルの取得開始
12/17 13:08  CSVファイルの取得終了
12/17 13:08  Excelファイルの取得開始
12/17 13:08  *.xltファイルの取得終了
12/17 13:08  *.xlsファイルの取得終了
12/17 13:08  *.xmlファイルの取得終了
12/17 13:08  *.xlaファイルの取得終了
12/17 13:08  *.xlwファイルの取得終了
12/17 13:08  Excelファイル取得正常終了
12/17 13:08  パスワード設定の開始
12/17 13:08  1 - コピー (34).xlsxのパスワード設定中
12/17 13:08  1 - コピー (60).xlsxのパスワード設定中
12/17 13:08  1 - コピー (86).xlsxのパスワード設定中
12/17 13:08  1 - コピー (34).xlsxはパスワードが設定されている為、パスワードを設定できません。
12/17 13:08  1 - コピー (35).xlsxのパスワード設定中
12/17 13:08  1 - コピー (86).xlsxはパスワードが設定されている為、パスワードを設定できません。
12/17 13:08  1 - コピー (87).xlsxのパスワード設定中
12/17 13:08  1 - コピー (60).xlsxはパスワードが設定されている為、パスワードを設定できません。
12/17 13:08  1 - コピー (5).xlsxのパスワード設定中
12/17 13:08  1 - コピー (61).xlsxのパスワード設定中
12/17 13:08  1 - コピー (35).xlsxはパスワードが設定されている為、パスワードを設定できません。
12/17 13:08  1 - コピー (36).xlsxのパスワード設定中
12/17 13:08  1 - コピー (87).xlsxはパスワードが設定されている為、パスワードを設定できません。
12/17 13:08  1 - コピー (5).xlsxはパスワードが設定されている為、パスワードを設定できません。
12/17 13:08  1 - コピー (61).xlsxはパスワードが設定されている為、パスワードを設定できません。
12/17 13:08  1 - コピー (36).xlsxはパスワードが設定されている為、パスワードを設定できません。
12/17 13:09  CSVファイルの取得開始
12/17 13:09  CSVファイルの取得終了
12/17 13:09  Excelファイルの取得開始
12/17 13:09  *.xltファイルの取得終了
12/17 13:09  *.xlsファイルの取得終了
12/17 13:09  *.xmlファイルの取得終了
12/17 13:09  *.xlaファイルの取得終了
12/17 13:09  *.xlwファイルの取得終了
12/17 13:09  Excelファイル取得正常終了
12/17 13:09  パスワード設定の開始
12/17 13:09  1 - コピー (34).xlsxのパスワード設定中
12/17 13:09  1 - コピー (60).xlsxのパスワード設定中
12/17 13:09  1 - コピー (5).xlsxのパスワード設定中
12/17 13:09  1 - コピー (86).xlsxのパスワード設定中
12/17 13:09  1 - コピー (31).xlsxのパスワード設定中
12/17 13:09  1 - コピー (34).xlsxはパスワードが設定されている為、パスワードを設定できません。
12/17 13:09  1 - コピー (35).xlsxのパスワード設定中
12/17 13:09  1 - コピー (60).xlsxはパスワードが設定されている為、パスワードを設定できません。
12/17 13:09  1 - コピー (61).xlsxのパスワード設定中
12/17 13:09  1 - コピー (5).xlsxはパスワードが設定されている為、パスワードを設定できません。
12/17 13:09  1 - コピー (6).xlsxのパスワード設定中
12/17 13:09  1 - コピー (86).xlsxはパスワードが設定されている為、パスワードを設定できません。
12/17 13:09  1 - コピー (87).xlsxのパスワード設定中
12/17 13:09  1 - コピー (31).xlsxはパスワードが設定されている為、パスワードを設定できません。
12/17 13:09  1 - コピー (32).xlsxのパスワード設定中
12/17 13:09  1 - コピー (35).xlsxはパスワードが設定されている為、パスワードを設定できません。
12/17 13:09  1 - コピー (61).xlsxはパスワードが設定されている為、パスワードを設定できません。
12/17 13:09  1 - コピー (6).xlsxはパスワードが設定されている為、パスワードを設定できません。
12/17 13:09  1 - コピー (87).xlsxはパスワードが設定されている為、パスワードを設定できません。
12/17 13:09  1 - コピー (32).xlsxはパスワードが設定されている為、パスワードを設定できません。
12/17 13:10  CSVファイルの取得開始
12/17 13:10  CSVファイルの取得終了
12/17 13:10  Excelファイルの取得開始
12/17 13:10  *.xltファイルの取得終了
12/17 13:10  *.xlsファイルの取得終了
12/17 13:10  *.xmlファイルの取得終了
12/17 13:10  *.xlaファイルの取得終了
12/17 13:10  *.xlwファイルの取得終了
12/17 13:10  Excelファイル取得正常終了
12/17 13:10  パスワード設定の開始
12/17 13:10  1 - コピー (34).xlsxのパスワード設定中
12/17 13:10  1 - コピー (60).xlsxのパスワード設定中
12/17 13:10  1 - コピー (86).xlsxのパスワード設定中
12/17 13:10  1 - コピー (5).xlsxのパスワード設定中
12/17 13:10  1 - コピー (31).xlsxのパスワード設定中
12/17 13:10  1 - コピー (34).xlsxはパスワードが設定されている為、パスワードを設定できません。
12/17 13:10  1 - コピー (35).xlsxのパスワード設定中
12/17 13:10  1 - コピー (60).xlsxはパスワードが設定されている為、パスワードを設定できません。
12/17 13:10  1 - コピー (61).xlsxのパスワード設定中
12/17 13:10  1 - コピー (86).xlsxはパスワードが設定されている為、パスワードを設定できません。
12/17 13:10  1 - コピー (87).xlsxのパスワード設定中
12/17 13:11  1 - コピー (5).xlsxはパスワードが設定されている為、パスワードを設定できません。
12/17 13:11  1 - コピー (6).xlsxのパスワード設定中
12/17 13:11  1 - コピー (31).xlsxはパスワードが設定されている為、パスワードを設定できません。
12/17 13:11  1 - コピー (35).xlsxはパスワードが設定されている為、パスワードを設定できません。
12/17 13:11  1 - コピー (61).xlsxはパスワードが設定されている為、パスワードを設定できません。
12/17 13:11  1 - コピー (87).xlsxはパスワードが設定されている為、パスワードを設定できません。
12/17 13:11  1 - コピー (6).xlsxはパスワードが設定されている為、パスワードを設定できません。
12/17 13:11  CSVファイルの取得開始
12/17 13:11  CSVファイルの取得終了
12/17 13:11  Excelファイルの取得開始
12/17 13:11  *.xltファイルの取得終了
12/17 13:11  *.xlsファイルの取得終了
12/17 13:11  *.xmlファイルの取得終了
12/17 13:11  *.xlaファイルの取得終了
12/17 13:11  *.xlwファイルの取得終了
12/17 13:11  Excelファイル取得正常終了
12/17 13:11  パスワード設定の開始
12/17 13:11  1 - コピー (34).xlsxのパスワード設定中
12/17 13:11  1 - コピー (31).xlsxのパスワード設定中
12/17 13:11  1 - コピー (5).xlsxのパスワード設定中
12/17 13:11  1 - コピー (60).xlsxのパスワード設定中
12/17 13:11  1 - コピー (86).xlsxのパスワード設定中
12/17 13:11  1 - コピー (34).xlsxはパスワードが設定されている為、パスワードを設定できません。
12/17 13:11  1 - コピー (35).xlsxのパスワード設定中
12/17 13:11  1 - コピー (31).xlsxはパスワードが設定されている為、パスワードを設定できません。
12/17 13:11  1 - コピー (32).xlsxのパスワード設定中
12/17 13:11  1 - コピー (5).xlsxはパスワードが設定されている為、パスワードを設定できません。
12/17 13:11  1 - コピー (6).xlsxのパスワード設定中
12/17 13:11  1 - コピー (60).xlsxはパスワードが設定されている為、パスワードを設定できません。
12/17 13:11  1 - コピー (61).xlsxのパスワード設定中
12/17 13:11  1 - コピー (86).xlsxはパスワードが設定されている為、パスワードを設定できません。
12/17 13:11  1 - コピー (87).xlsxのパスワード設定中
12/17 13:11  1 - コピー (35).xlsxはパスワードが設定されている為、パスワードを設定できません。
12/17 13:11  1 - コピー (36).xlsxのパスワード設定中
12/17 13:11  1 - コピー (32).xlsxはパスワードが設定されている為、パスワードを設定できません。
12/17 13:11  1 - コピー (6).xlsxはパスワードが設定されている為、パスワードを設定できません。
12/17 13:11  1 - コピー (61).xlsxはパスワードが設定されている為、パスワードを設定できません。
12/17 13:11  1 - コピー (87).xlsxはパスワードが設定されている為、パスワードを設定できません。
12/17 13:11  1 - コピー (36).xlsxはパスワードが設定されている為、パスワードを設定できません。
12/17 13:11  CSVファイルの取得開始
12/17 13:11  CSVファイルの取得終了
12/17 13:13  CSVファイルの取得開始
12/17 13:13  CSVファイルの取得終了
12/17 13:15  CSVファイルの取得開始
12/17 13:15  CSVファイルの取得終了
12/17 13:15  Excelファイルの取得開始
12/17 13:15  *.xltファイルの取得終了
12/17 13:15  *.xlsファイルの取得終了
12/17 13:15  *.xmlファイルの取得終了
12/17 13:15  *.xlaファイルの取得終了
12/17 13:15  *.xlwファイルの取得終了
12/17 13:15  Excelファイル取得正常終了
12/17 13:15  パスワード設定の開始
12/17 13:15  1 - コピー (34).xlsxのパスワード設定中
12/17 13:15  1 - コピー (60).xlsxのパスワード設定中
12/17 13:15  1 - コピー (5).xlsxのパスワード設定中
12/17 13:15  1 - コピー (86).xlsxのパスワード設定中
12/17 13:16  1 - コピー (31).xlsxのパスワード設定中
12/17 13:16  1 - コピー (86).xlsxはパスワードが設定されている為、パスワードを設定できません。
12/17 13:16  1 - コピー (87).xlsxのパスワード設定中
12/17 13:16  1 - コピー (60).xlsxはパスワードが設定されている為、パスワードを設定できません。
12/17 13:16  1 - コピー (61).xlsxのパスワード設定中
12/17 13:16  1 - コピー (5).xlsxはパスワードが設定されている為、パスワードを設定できません。
12/17 13:16  1 - コピー (6).xlsxのパスワード設定中
12/17 13:16  1 - コピー (34).xlsxはパスワードが設定されている為、パスワードを設定できません。
12/17 13:16  1 - コピー (31).xlsxはパスワードが設定されている為、パスワードを設定できません。
12/17 13:16  1 - コピー (87).xlsxはパスワードが設定されている為、パスワードを設定できません。
12/17 13:16  1 - コピー (61).xlsxはパスワードが設定されている為、パスワードを設定できません。
12/17 13:16  1 - コピー (6).xlsxはパスワードが設定されている為、パスワードを設定できません。
12/17 13:20  CSVファイルの取得開始
12/17 13:20  CSVファイルの取得終了
12/17 13:20  Excelファイルの取得開始
12/17 13:20  *.xltファイルの取得終了
12/17 13:20  *.xlsファイルの取得終了
12/17 13:20  *.xmlファイルの取得終了
12/17 13:20  *.xlaファイルの取得終了
12/17 13:20  *.xlwファイルの取得終了
12/17 13:20  Excelファイル取得正常終了
12/17 13:20  パスワード設定の開始
12/17 13:20  1 - コピー (34).xlsxのパスワード設定中
12/17 13:20  1 - コピー (60).xlsxのパスワード設定中
12/17 13:20  1 - コピー (86).xlsxのパスワード設定中
12/17 13:20  1 - コピー (5).xlsxのパスワード設定中
12/17 13:20  1 - コピー (86).xlsxはパスワードが設定されている為、パスワードを設定できません。
12/17 13:20  1 - コピー (87).xlsxのパスワード設定中
12/17 13:20  1 - コピー (5).xlsxはパスワードが設定されている為、パスワードを設定できません。
12/17 13:20  1 - コピー (6).xlsxのパスワード設定中
12/17 13:20  1 - コピー (34).xlsxはパスワードが設定されている為、パスワードを設定できません。
12/17 13:20  1 - コピー (35).xlsxのパスワード設定中
12/17 13:20  1 - コピー (31).xlsxのパスワード設定中
12/17 13:20  1 - コピー (60).xlsxはパスワードが設定されている為、パスワードを設定できません。
12/17 13:20  1 - コピー (61).xlsxのパスワード設定中
12/17 13:20  1 - コピー (87).xlsxはパスワードが設定されている為、パスワードを設定できません。
12/17 13:20  1 - コピー (88).xlsxのパスワード設定中
12/17 13:20  1 - コピー (6).xlsxはパスワードが設定されている為、パスワードを設定できません。
12/17 13:20  1 - コピー (7).xlsxのパスワード設定中
12/17 13:20  1 - コピー (35).xlsxはパスワードが設定されている為、パスワードを設定できません。
12/17 13:20  1 - コピー (36).xlsxのパスワード設定中
12/17 13:20  1 - コピー (31).xlsxはパスワードが設定されている為、パスワードを設定できません。
12/17 13:20  1 - コピー (32).xlsxのパスワード設定中
12/17 13:20  1 - コピー (61).xlsxはパスワードが設定されている為、パスワードを設定できません。
12/17 13:20  1 - コピー (88).xlsxはパスワードが設定されている為、パスワードを設定できません。
12/17 13:20  1 - コピー (7).xlsxはパスワードが設定されている為、パスワードを設定できません。
12/17 13:20  1 - コピー (36).xlsxはパスワードが設定されている為、パスワードを設定できません。
12/17 13:20  1 - コピー (32).xlsxはパスワードが設定されている為、パスワードを設定できません。
12/17 13:34  CSVファイルの取得開始
12/17 13:34  CSVファイルの取得終了
12/17 13:34  Excelファイルの取得開始
12/17 13:34  *.xltファイルの取得終了
12/17 13:34  *.xlsファイルの取得終了
12/17 13:34  *.xmlファイルの取得終了
12/17 13:34  *.xlaファイルの取得終了
12/17 13:34  *.xlwファイルの取得終了
12/17 13:34  Excelファイル取得正常終了
12/17 13:34  パスワード設定の開始
12/17 13:34  1 - コピー (34).xlsxのパスワード設定中
12/17 13:34  1 - コピー (60).xlsxのパスワード設定中
12/17 13:34  1 - コピー (86).xlsxのパスワード設定中
12/17 13:34  1 - コピー (5).xlsxのパスワード設定中
12/17 13:34  1 - コピー (5).xlsxはパスワードが設定されている為、パスワードを設定できません。
12/17 13:34  1 - コピー (6).xlsxのパスワード設定中
12/17 13:34  1 - コピー (86).xlsxはパスワードが設定されている為、パスワードを設定できません。
12/17 13:34  1 - コピー (87).xlsxのパスワード設定中
12/17 13:34  1 - コピー (60).xlsxはパスワードが設定されている為、パスワードを設定できません。
12/17 13:34  1 - コピー (61).xlsxのパスワード設定中
12/17 13:34  1 - コピー (34).xlsxはパスワードが設定されている為、パスワードを設定できません。
12/17 13:34  1 - コピー (35).xlsxのパスワード設定中
12/17 13:34  1 - コピー (6).xlsxはパスワードが設定されている為、パスワードを設定できません。
12/17 13:34  1 - コピー (7).xlsxのパスワード設定中
12/17 13:34  1 - コピー (87).xlsxはパスワードが設定されている為、パスワードを設定できません。
12/17 13:34  1 - コピー (88).xlsxのパスワード設定中
12/17 13:34  1 - コピー (31).xlsxのパスワード設定中
12/17 13:34  1 - コピー (61).xlsxはパスワードが設定されている為、パスワードを設定できません。
12/17 13:34  1 - コピー (35).xlsxはパスワードが設定されている為、パスワードを設定できません。
12/17 13:34  1 - コピー (7).xlsxはパスワードが設定されている為、パスワードを設定できません。
12/17 13:34  1 - コピー (88).xlsxはパスワードが設定されている為、パスワードを設定できません。
12/17 13:34  1 - コピー (31).xlsxはパスワードが設定されている為、パスワードを設定できません。
12/17 13:35  CSVファイルの取得開始
12/17 13:35  CSVファイルの取得終了
12/17 13:35  Excelファイルの取得開始
12/17 13:35  *.xltファイルの取得終了
12/17 13:35  *.xlsファイルの取得終了
12/17 13:35  *.xmlファイルの取得終了
12/17 13:35  *.xlaファイルの取得終了
12/17 13:35  *.xlwファイルの取得終了
12/17 13:35  Excelファイル取得正常終了
12/17 13:35  パスワード設定の開始
12/17 13:35  1 - コピー (34).xlsxのパスワード設定中
12/17 13:35  1 - コピー (60).xlsxのパスワード設定中
12/17 13:35  1 - コピー (5).xlsxのパスワード設定中
12/17 13:35  1 - コピー (86).xlsxのパスワード設定中
12/17 13:35  1 - コピー (31).xlsxのパスワード設定中
12/17 13:35  1 - コピー (5).xlsxはパスワードが設定されている為、パスワードを設定できません。
12/17 13:35  1 - コピー (6).xlsxのパスワード設定中
12/17 13:35  1 - コピー (34).xlsxはパスワードが設定されている為、パスワードを設定できません。
12/17 13:35  1 - コピー (35).xlsxのパスワード設定中
12/17 13:35  1 - コピー (86).xlsxはパスワードが設定されている為、パスワードを設定できません。
12/17 13:35  1 - コピー (87).xlsxのパスワード設定中
12/17 13:35  1 - コピー (60).xlsxはパスワードが設定されている為、パスワードを設定できません。
12/17 13:35  1 - コピー (61).xlsxのパスワード設定中
12/17 13:35  1 - コピー (31).xlsxはパスワードが設定されている為、パスワードを設定できません。
12/17 13:35  1 - コピー (32).xlsxのパスワード設定中
12/17 13:35  1 - コピー (6).xlsxはパスワードが設定されている為、パスワードを設定できません。
12/17 13:35  1 - コピー (7).xlsxのパスワード設定中
12/17 13:35  1 - コピー (35).xlsxはパスワードが設定されている為、パスワードを設定できません。
12/17 13:35  1 - コピー (87).xlsxはパスワードが設定されている為、パスワードを設定できません。
12/17 13:35  1 - コピー (61).xlsxはパスワードが設定されている為、パスワードを設定できません。
12/17 13:35  1 - コピー (32).xlsxはパスワードが設定されている為、パスワードを設定できません。
12/17 13:35  1 - コピー (7).xlsxはパスワードが設定されている為、パスワードを設定できません。
12/17 13:36  CSVファイルの取得開始
12/17 13:36  CSVファイルの取得終了
12/17 13:36  Excelファイルの取得開始
12/17 13:36  *.xltファイルの取得終了
12/17 13:36  *.xlsファイルの取得終了
12/17 13:36  *.xmlファイルの取得終了
12/17 13:36  *.xlaファイルの取得終了
12/17 13:36  *.xlwファイルの取得終了
12/17 13:36  Excelファイル取得正常終了
12/17 13:36  パスワード設定の開始
12/17 13:36  1 - コピー (34).xlsxのパスワード設定中
12/17 13:36  1 - コピー (60).xlsxのパスワード設定中
12/17 13:36  1 - コピー (5).xlsxのパスワード設定中
12/17 13:36  1 - コピー (86).xlsxのパスワード設定中
12/17 13:36  1 - コピー (86).xlsxはパスワードが設定されている為、パスワードを設定できません。
12/17 13:36  1 - コピー (87).xlsxのパスワード設定中
12/17 13:36  1 - コピー (5).xlsxはパスワードが設定されている為、パスワードを設定できません。
12/17 13:36  1 - コピー (6).xlsxのパスワード設定中
12/17 13:36  1 - コピー (60).xlsxはパスワードが設定されている為、パスワードを設定できません。
12/17 13:36  1 - コピー (61).xlsxのパスワード設定中
12/17 13:36  1 - コピー (34).xlsxはパスワードが設定されている為、パスワードを設定できません。
12/17 13:36  1 - コピー (35).xlsxのパスワード設定中
12/17 13:36  1 - コピー (87).xlsxはパスワードが設定されている為、パスワードを設定できません。
12/17 13:36  1 - コピー (6).xlsxはパスワードが設定されている為、パスワードを設定できません。
12/17 13:36  1 - コピー (61).xlsxはパスワードが設定されている為、パスワードを設定できません。
12/17 13:36  1 - コピー (35).xlsxはパスワードが設定されている為、パスワードを設定できません。
12/17 13:36  CSVファイルの取得開始
12/17 13:36  CSVファイルの取得終了
12/17 13:36  Excelファイルの取得開始
12/17 13:36  *.xltファイルの取得終了
12/17 13:36  *.xlsファイルの取得終了
12/17 13:36  *.xmlファイルの取得終了
12/17 13:36  *.xlaファイルの取得終了
12/17 13:36  *.xlwファイルの取得終了
12/17 13:36  Excelファイル取得正常終了
12/17 13:36  パスワード設定の開始
12/17 13:36  1 - コピー (34).xlsxのパスワード設定中
12/17 13:36  1 - コピー (60).xlsxのパスワード設定中
12/17 13:36  1 - コピー (86).xlsxのパスワード設定中
12/17 13:36  1 - コピー (5).xlsxのパスワード設定中
12/17 13:36  1 - コピー (86).xlsxはパスワードが設定されている為、パスワードを設定できません。
12/17 13:36  1 - コピー (87).xlsxのパスワード設定中
12/17 13:36  1 - コピー (5).xlsxはパスワードが設定されている為、パスワードを設定できません。
12/17 13:36  1 - コピー (6).xlsxのパスワード設定中
12/17 13:36  1 - コピー (60).xlsxはパスワードが設定されている為、パスワードを設定できません。
12/17 13:36  1 - コピー (61).xlsxのパスワード設定中
12/17 13:36  1 - コピー (34).xlsxはパスワードが設定されている為、パスワードを設定できません。
12/17 13:36  1 - コピー (35).xlsxのパスワード設定中
12/17 13:36  1 - コピー (87).xlsxはパスワードが設定されている為、パスワードを設定できません。
12/17 13:36  1 - コピー (88).xlsxのパスワード設定中
12/17 13:36  1 - コピー (6).xlsxはパスワードが設定されている為、パスワードを設定できません。
12/17 13:36  1 - コピー (61).xlsxはパスワードが設定されている為、パスワードを設定できません。
12/17 13:36  1 - コピー (35).xlsxはパスワードが設定されている為、パスワードを設定できません。
12/17 13:36  1 - コピー (88).xlsxはパスワードが設定されている為、パスワードを設定できません。
12/17 13:41  CSVファイルの取得開始
12/17 13:41  CSVファイルの取得終了
12/17 13:41  Excelファイルの取得開始
12/17 13:41  *.xltファイルの取得終了
12/17 13:41  *.xlsファイルの取得終了
12/17 13:41  *.xmlファイルの取得終了
12/17 13:41  *.xlaファイルの取得終了
12/17 13:41  *.xlwファイルの取得終了
12/17 13:41  Excelファイル取得正常終了
12/17 13:41  パスワード設定の開始
12/17 13:41  1 - コピー (34).xlsxのパスワード設定中
12/17 13:41  1 - コピー (60).xlsxのパスワード設定中
12/17 13:41  1 - コピー (86).xlsxのパスワード設定中
12/17 13:41  1 - コピー (5).xlsxのパスワード設定中
12/17 13:41  1 - コピー (86).xlsxはパスワードが設定されている為、パスワードを設定できません。
12/17 13:41  1 - コピー (87).xlsxのパスワード設定中
12/17 13:41  1 - コピー (5).xlsxはパスワードが設定されている為、パスワードを設定できません。
12/17 13:41  1 - コピー (6).xlsxのパスワード設定中
12/17 13:41  1 - コピー (60).xlsxはパスワードが設定されている為、パスワードを設定できません。
12/17 13:41  1 - コピー (61).xlsxのパスワード設定中
12/17 13:41  1 - コピー (34).xlsxはパスワードが設定されている為、パスワードを設定できません。
12/17 13:41  1 - コピー (35).xlsxのパスワード設定中
12/17 13:41  1 - コピー (87).xlsxはパスワードが設定されている為、パスワードを設定できません。
12/17 13:41  1 - コピー (88).xlsxのパスワード設定中
12/17 13:41  1 - コピー (6).xlsxはパスワードが設定されている為、パスワードを設定できません。
12/17 13:41  1 - コピー (7).xlsxのパスワード設定中
12/17 13:41  1 - コピー (61).xlsxはパスワードが設定されている為、パスワードを設定できません。
12/17 13:41  1 - コピー (35).xlsxはパスワードが設定されている為、パスワードを設定できません。
12/17 13:41  1 - コピー (88).xlsxはパスワードが設定されている為、パスワードを設定できません。
12/17 13:41  1 - コピー (7).xlsxはパスワードが設定されている為、パスワードを設定できません。
12/17 13:45  CSVファイルの取得開始
12/17 13:45  CSVファイルの取得終了
12/17 13:45  Excelファイルの取得開始
12/17 13:45  *.xltファイルの取得終了
12/17 13:45  *.xlsファイルの取得終了
12/17 13:45  *.xmlファイルの取得終了
12/17 13:45  *.xlaファイルの取得終了
12/17 13:45  *.xlwファイルの取得終了
12/17 13:45  Excelファイル取得正常終了
12/17 13:45  パスワード設定の開始
12/17 13:45  1 - コピー (34).xlsxのパスワード設定中
12/17 13:45  1 - コピー (60).xlsxのパスワード設定中
12/17 13:45  1 - コピー (5).xlsxのパスワード設定中
12/17 13:45  1 - コピー (86).xlsxのパスワード設定中
12/17 13:45  1 - コピー (31).xlsxのパスワード設定中
12/17 13:45  1 - コピー (86).xlsxはパスワードが設定されている為、パスワードを設定できません。
12/17 13:45  1 - コピー (87).xlsxのパスワード設定中
12/17 13:45  1 - コピー (60).xlsxはパスワードが設定されている為、パスワードを設定できません。
12/17 13:45  1 - コピー (61).xlsxのパスワード設定中
12/17 13:45  1 - コピー (34).xlsxはパスワードが設定されている為、パスワードを設定できません。
12/17 13:45  1 - コピー (35).xlsxのパスワード設定中
12/17 13:45  1 - コピー (5).xlsxはパスワードが設定されている為、パスワードを設定できません。
12/17 13:45  1 - コピー (6).xlsxのパスワード設定中
12/17 13:45  1 - コピー (31).xlsxはパスワードが設定されている為、パスワードを設定できません。
12/17 13:45  1 - コピー (87).xlsxはパスワードが設定されている為、パスワードを設定できません。
12/17 13:45  1 - コピー (61).xlsxはパスワードが設定されている為、パスワードを設定できません。
12/17 13:45  1 - コピー (35).xlsxはパスワードが設定されている為、パスワードを設定できません。
12/17 13:45  1 - コピー (6).xlsxはパスワードが設定されている為、パスワードを設定できません。
12/17 13:46  CSVファイルの取得開始
12/17 13:46  CSVファイルの取得終了
12/17 13:46  Excelファイルの取得開始
12/17 13:46  *.xltファイルの取得終了
12/17 13:46  *.xlsファイルの取得終了
12/17 13:46  *.xmlファイルの取得終了
12/17 13:46  *.xlaファイルの取得終了
12/17 13:46  *.xlwファイルの取得終了
12/17 13:46  Excelファイル取得正常終了
12/17 13:46  パスワード設定の開始
12/17 13:46  1 - コピー (34).xlsxのパスワード設定中
12/17 13:46  1 - コピー (60).xlsxのパスワード設定中
12/17 13:46  1 - コピー (86).xlsxのパスワード設定中
12/17 13:46  1 - コピー (5).xlsxのパスワード設定中
12/17 13:46  1 - コピー (60).xlsxはパスワードが設定されている為、パスワードを設定できません。
12/17 13:46  1 - コピー (61).xlsxのパスワード設定中
12/17 13:46  1 - コピー (5).xlsxはパスワードが設定されている為、パスワードを設定できません。
12/17 13:46  1 - コピー (6).xlsxのパスワード設定中
12/17 13:46  1 - コピー (86).xlsxはパスワードが設定されている為、パスワードを設定できません。
12/17 13:46  1 - コピー (87).xlsxのパスワード設定中
12/17 13:46  1 - コピー (34).xlsxはパスワードが設定されている為、パスワードを設定できません。
12/17 13:46  1 - コピー (35).xlsxのパスワード設定中
12/17 13:46  1 - コピー (61).xlsxはパスワードが設定されている為、パスワードを設定できません。
12/17 13:46  1 - コピー (62).xlsxのパスワード設定中
12/17 13:46  1 - コピー (6).xlsxはパスワードが設定されている為、パスワードを設定できません。
12/17 13:46  1 - コピー (87).xlsxはパスワードが設定されている為、パスワードを設定できません。
12/17 13:46  1 - コピー (35).xlsxはパスワードが設定されている為、パスワードを設定できません。
12/17 14:03  CSVファイルの取得開始
12/17 14:03  CSVファイルの取得終了
12/17 14:03  Excelファイルの取得開始
12/17 14:03  *.xltファイルの取得終了
12/17 14:03  *.xlsファイルの取得終了
12/17 14:03  *.xmlファイルの取得終了
12/17 14:03  *.xlaファイルの取得終了
12/17 14:03  *.xlwファイルの取得終了
12/17 14:03  Excelファイル取得正常終了
12/17 14:03  パスワード設定の開始
12/17 14:03  1 - コピー (34).xlsxのパスワード設定中
12/17 14:03  1 - コピー (60).xlsxのパスワード設定中
12/17 14:03  1 - コピー (5).xlsxのパスワード設定中
12/17 14:03  1 - コピー (86).xlsxのパスワード設定中
12/17 14:03  1 - コピー (60).xlsxはパスワードが設定されている為、パスワードを設定できません。
12/17 14:03  1 - コピー (61).xlsxのパスワード設定中
12/17 14:03  1 - コピー (86).xlsxはパスワードが設定されている為、パスワードを設定できません。
12/17 14:03  1 - コピー (87).xlsxのパスワード設定中
12/17 14:03  1 - コピー (5).xlsxはパスワードが設定されている為、パスワードを設定できません。
12/17 14:03  1 - コピー (6).xlsxのパスワード設定中
12/17 14:03  1 - コピー (34).xlsxはパスワードが設定されている為、パスワードを設定できません。
12/17 14:03  1 - コピー (35).xlsxのパスワード設定中
12/17 14:03  1 - コピー (61).xlsxはパスワードが設定されている為、パスワードを設定できません。
12/17 14:03  1 - コピー (62).xlsxのパスワード設定中
12/17 14:03  1 - コピー (87).xlsxはパスワードが設定されている為、パスワードを設定できません。
12/17 14:03  1 - コピー (88).xlsxのパスワード設定中
12/17 14:03  1 - コピー (6).xlsxはパスワードが設定されている為、パスワードを設定できません。
12/17 14:03  1 - コピー (7).xlsxのパスワード設定中
12/17 14:03  1 - コピー (35).xlsxはパスワードが設定されている為、パスワードを設定できません。
12/17 14:03  1 - コピー (36).xlsxのパスワード設定中
12/17 14:03  1 - コピー (62).xlsxはパスワードが設定されている為、パスワードを設定できません。
12/17 14:03  1 - コピー (63).xlsxのパスワード設定中
12/17 14:03  1 - コピー (88).xlsxはパスワードが設定されている為、パスワードを設定できません。
12/17 14:03  1 - コピー (89).xlsxのパスワード設定中
12/17 14:03  1 - コピー (7).xlsxはパスワードが設定されている為、パスワードを設定できません。
12/17 14:03  1 - コピー (8).xlsxのパスワード設定中
12/17 14:03  1 - コピー (36).xlsxはパスワードが設定されている為、パスワードを設定できません。
12/17 14:03  1 - コピー (63).xlsxはパスワードが設定されている為、パスワードを設定できません。
12/17 14:03  1 - コピー (89).xlsxはパスワードが設定されている為、パスワードを設定できません。
12/17 14:03  1 - コピー (8).xlsxはパスワードが設定されている為、パスワードを設定できません。
12/17 14:05  CSVファイルの取得開始
12/17 14:05  CSVファイルの取得終了
12/17 14:05  Excelファイルの取得開始
12/17 14:05  *.xltファイルの取得終了
12/17 14:05  *.xlsファイルの取得終了
12/17 14:05  *.xmlファイルの取得終了
12/17 14:05  *.xlaファイルの取得終了
12/17 14:05  *.xlwファイルの取得終了
12/17 14:05  Excelファイル取得正常終了
12/17 14:05  パスワード設定の開始
12/17 14:05  1 - コピー (34).xlsxのパスワード設定中
12/17 14:05  1 - コピー (86).xlsxのパスワード設定中
12/17 14:05  1 - コピー (60).xlsxのパスワード設定中
12/17 14:05  1 - コピー (5).xlsxのパスワード設定中
12/17 14:05  1 - コピー (60).xlsxはパスワードが設定されている為、パスワードを設定できません。
12/17 14:05  1 - コピー (61).xlsxのパスワード設定中
12/17 14:05  1 - コピー (86).xlsxはパスワードが設定されている為、パスワードを設定できません。
12/17 14:05  1 - コピー (87).xlsxのパスワード設定中
12/17 14:05  1 - コピー (5).xlsxはパスワードが設定されている為、パスワードを設定できません。
12/17 14:05  1 - コピー (6).xlsxのパスワード設定中
12/17 14:05  1 - コピー (34).xlsxはパスワードが設定されている為、パスワードを設定できません。
12/17 14:05  1 - コピー (35).xlsxのパスワード設定中
12/17 14:05  1 - コピー (61).xlsxはパスワードが設定されている為、パスワードを設定できません。
12/17 14:05  1 - コピー (62).xlsxのパスワード設定中
12/17 14:05  1 - コピー (87).xlsxはパスワードが設定されている為、パスワードを設定できません。
12/17 14:05  1 - コピー (88).xlsxのパスワード設定中
12/17 14:05  1 - コピー (6).xlsxはパスワードが設定されている為、パスワードを設定できません。
12/17 14:05  1 - コピー (7).xlsxのパスワード設定中
12/17 14:05  1 - コピー (35).xlsxはパスワードが設定されている為、パスワードを設定できません。
12/17 14:05  1 - コピー (62).xlsxはパスワードが設定されている為、パスワードを設定できません。
12/17 14:05  1 - コピー (88).xlsxはパスワードが設定されている為、パスワードを設定できません。
12/17 14:05  1 - コピー (7).xlsxはパスワードが設定されている為、パスワードを設定できません。
12/17 14:27  CSVファイルの取得開始
12/17 14:27  CSVファイルの取得終了
12/17 14:27  Excelファイルの取得開始
12/17 14:27  *.xltファイルの取得終了
12/17 14:27  *.xlsファイルの取得終了
12/17 14:27  *.xmlファイルの取得終了
12/17 14:27  *.xlaファイルの取得終了
12/17 14:27  *.xlwファイルの取得終了
12/17 14:27  Excelファイル取得正常終了
12/17 14:27  パスワード設定の開始
12/17 14:27  1 - コピー (34).xlsxのパスワード設定中
12/17 14:27  1 - コピー (60).xlsxのパスワード設定中
12/17 14:27  1 - コピー (5).xlsxのパスワード設定中
12/17 14:27  1 - コピー (86).xlsxのパスワード設定中
12/17 14:27  1 - コピー (5).xlsxはパスワードが設定されている為、パスワードを設定できません。
12/17 14:27  1 - コピー (6).xlsxのパスワード設定中
12/17 14:27  1 - コピー (60).xlsxはパスワードが設定されている為、パスワードを設定できません。
12/17 14:27  1 - コピー (61).xlsxのパスワード設定中
12/17 14:27  1 - コピー (34).xlsxはパスワードが設定されている為、パスワードを設定できません。
12/17 14:27  1 - コピー (35).xlsxのパスワード設定中
12/17 14:27  1 - コピー (86).xlsxはパスワードが設定されている為、パスワードを設定できません。
12/17 14:27  1 - コピー (87).xlsxのパスワード設定中
12/17 14:27  1 - コピー (6).xlsxはパスワードが設定されている為、パスワードを設定できません。
12/17 14:27  1 - コピー (7).xlsxのパスワード設定中
12/17 14:27  1 - コピー (61).xlsxはパスワードが設定されている為、パスワードを設定できません。
12/17 14:27  1 - コピー (62).xlsxのパスワード設定中
12/17 14:27  1 - コピー (35).xlsxはパスワードが設定されている為、パスワードを設定できません。
12/17 14:27  1 - コピー (36).xlsxのパスワード設定中
12/17 14:27  1 - コピー (87).xlsxはパスワードが設定されている為、パスワードを設定できません。
12/17 14:27  1 - コピー (7).xlsxはパスワードが設定されている為、パスワードを設定できません。
12/17 14:27  1 - コピー (62).xlsxはパスワードが設定されている為、パスワードを設定できません。
12/17 14:27  1 - コピー (36).xlsxはパスワードが設定されている為、パスワードを設定できません。
12/17 14:27  CSVファイルの取得開始
12/17 14:27  CSVファイルの取得終了
12/17 14:27  Excelファイルの取得開始
12/17 14:27  *.xltファイルの取得終了
12/17 14:27  *.xlsファイルの取得終了
12/17 14:27  *.xmlファイルの取得終了
12/17 14:27  *.xlaファイルの取得終了
12/17 14:27  *.xlwファイルの取得終了
12/17 14:27  Excelファイル取得正常終了
12/17 14:27  パスワード設定の開始
12/17 14:27  1 - コピー (34).xlsxのパスワード設定中
12/17 14:27  1 - コピー (86).xlsxのパスワード設定中
12/17 14:27  1 - コピー (5).xlsxのパスワード設定中
12/17 14:27  1 - コピー (60).xlsxのパスワード設定中
12/17 14:27  1 - コピー (34).xlsxはパスワードが設定されている為、パスワードを設定できません。
12/17 14:27  1 - コピー (35).xlsxのパスワード設定中
12/17 14:27  1 - コピー (86).xlsxはパスワードが設定されている為、パスワードを設定できません。
12/17 14:27  1 - コピー (87).xlsxのパスワード設定中
12/17 14:27  1 - コピー (5).xlsxはパスワードが設定されている為、パスワードを設定できません。
12/17 14:27  1 - コピー (6).xlsxのパスワード設定中
12/17 14:27  1 - コピー (60).xlsxはパスワードが設定されている為、パスワードを設定できません。
12/17 14:27  1 - コピー (35).xlsxはパスワードが設定されている為、パスワードを設定できません。
12/17 14:27  1 - コピー (87).xlsxはパスワードが設定されている為、パスワードを設定できません。
12/17 14:27  1 - コピー (6).xlsxはパスワードが設定されている為、パスワードを設定できません。
12/17 14:27  CSVファイルの取得開始
12/17 14:27  CSVファイルの取得終了
12/17 14:27  Excelファイルの取得開始
12/17 14:27  *.xltファイルの取得終了
12/17 14:27  *.xlsファイルの取得終了
12/17 14:27  *.xmlファイルの取得終了
12/17 14:27  *.xlaファイルの取得終了
12/17 14:27  *.xlwファイルの取得終了
12/17 14:27  Excelファイル取得正常終了
12/17 14:27  パスワード設定の開始
12/17 14:27  1 - コピー (34).xlsxのパスワード設定中
12/17 14:27  1 - コピー (60).xlsxのパスワード設定中
12/17 14:27  1 - コピー (5).xlsxのパスワード設定中
12/17 14:27  1 - コピー (86).xlsxのパスワード設定中
12/17 14:28  1 - コピー (60).xlsxはパスワードが設定されている為、パスワードを設定できません。
12/17 14:28  1 - コピー (61).xlsxのパスワード設定中
12/17 14:28  1 - コピー (5).xlsxはパスワードが設定されている為、パスワードを設定できません。
12/17 14:28  1 - コピー (6).xlsxのパスワード設定中
12/17 14:28  1 - コピー (34).xlsxはパスワードが設定されている為、パスワードを設定できません。
12/17 14:28  1 - コピー (35).xlsxのパスワード設定中
12/17 14:28  1 - コピー (86).xlsxはパスワードが設定されている為、パスワードを設定できません。
12/17 14:28  1 - コピー (87).xlsxのパスワード設定中
12/17 14:28  1 - コピー (31).xlsxのパスワード設定中
12/17 14:28  1 - コピー (61).xlsxはパスワードが設定されている為、パスワードを設定できません。
12/17 14:28  1 - コピー (62).xlsxのパスワード設定中
12/17 14:28  1 - コピー (6).xlsxはパスワードが設定されている為、パスワードを設定できません。
12/17 14:28  1 - コピー (7).xlsxのパスワード設定中
12/17 14:28  1 - コピー (35).xlsxはパスワードが設定されている為、パスワードを設定できません。
12/17 14:28  1 - コピー (36).xlsxのパスワード設定中
12/17 14:28  1 - コピー (87).xlsxはパスワードが設定されている為、パスワードを設定できません。
12/17 14:28  1 - コピー (88).xlsxのパスワード設定中
12/17 14:28  1 - コピー (31).xlsxはパスワードが設定されている為、パスワードを設定できません。
12/17 14:28  1 - コピー (32).xlsxのパスワード設定中
12/17 14:28  1 - コピー (62).xlsxはパスワードが設定されている為、パスワードを設定できません。
12/17 14:28  1 - コピー (63).xlsxのパスワード設定中
12/17 14:28  1 - コピー (7).xlsxはパスワードが設定されている為、パスワードを設定できません。
12/17 14:28  1 - コピー (8).xlsxのパスワード設定中
12/17 14:28  1 - コピー (36).xlsxはパスワードが設定されている為、パスワードを設定できません。
12/17 14:28  1 - コピー (37).xlsxのパスワード設定中
12/17 14:28  1 - コピー (88).xlsxはパスワードが設定されている為、パスワードを設定できません。
12/17 14:28  1 - コピー (89).xlsxのパスワード設定中
12/17 14:28  1 - コピー (32).xlsxはパスワードが設定されている為、パスワードを設定できません。
12/17 14:28  1 - コピー (33).xlsxのパスワード設定中
12/17 14:28  1 - コピー (63).xlsxはパスワードが設定されている為、パスワードを設定できません。
12/17 14:28  1 - コピー (64).xlsxのパスワード設定中
12/17 14:28  1 - コピー (8).xlsxはパスワードが設定されている為、パスワードを設定できません。
12/17 14:28  1 - コピー (37).xlsxはパスワードが設定されている為、パスワードを設定できません。
12/17 14:28  1 - コピー (89).xlsxはパスワードが設定されている為、パスワードを設定できません。
12/17 14:28  1 - コピー (33).xlsxはパスワードが設定されている為、パスワードを設定できません。
12/17 14:28  1 - コピー (64).xlsxはパスワードが設定されている為、パスワードを設定できません。
12/17 14:28  CSVファイルの取得開始
12/17 14:30  CSVファイルの取得開始
12/17 14:30  CSVファイルの取得終了
12/17 14:30  Excelファイルの取得開始
12/17 14:30  *.xltファイルの取得終了
12/17 14:30  *.xlsファイルの取得終了
12/17 14:30  *.xmlファイルの取得終了
12/17 14:30  *.xlaファイルの取得終了
12/17 14:30  *.xlwファイルの取得終了
12/17 14:30  Excelファイル取得正常終了
12/17 14:30  パスワード設定の開始
12/17 14:30  1 - コピー (34).xlsxのパスワード設定中
12/17 14:30  1 - コピー (60).xlsxのパスワード設定中
12/17 14:30  1 - コピー (86).xlsxのパスワード設定中
12/17 14:30  1 - コピー (5).xlsxのパスワード設定中
12/17 14:30  1 - コピー (31).xlsxのパスワード設定中
12/17 14:30  1 - コピー (86).xlsxはパスワードが設定されている為、パスワードを設定できません。
12/17 14:30  1 - コピー (87).xlsxのパスワード設定中
12/17 14:30  1 - コピー (5).xlsxはパスワードが設定されている為、パスワードを設定できません。
12/17 14:30  1 - コピー (6).xlsxのパスワード設定中
12/17 14:30  1 - コピー (60).xlsxはパスワードが設定されている為、パスワードを設定できません。
12/17 14:30  1 - コピー (61).xlsxのパスワード設定中
12/17 14:30  1 - コピー (34).xlsxはパスワードが設定されている為、パスワードを設定できません。
12/17 14:30  1 - コピー (35).xlsxのパスワード設定中
12/17 14:30  1 - コピー (31).xlsxはパスワードが設定されている為、パスワードを設定できません。
12/17 14:30  1 - コピー (87).xlsxはパスワードが設定されている為、パスワードを設定できません。
12/17 14:30  1 - コピー (6).xlsxはパスワードが設定されている為、パスワードを設定できません。
12/17 14:30  1 - コピー (61).xlsxはパスワードが設定されている為、パスワードを設定できません。
12/17 14:30  1 - コピー (35).xlsxはパスワードが設定されている為、パスワードを設定できません。
12/17 14:30  CSVファイルの取得開始
12/17 14:30  CSVファイルの取得終了
12/17 14:30  Excelファイルの取得開始
12/17 14:30  *.xltファイルの取得終了
12/17 14:30  *.xlsファイルの取得終了
12/17 14:30  *.xmlファイルの取得終了
12/17 14:30  *.xlaファイルの取得終了
12/17 14:30  *.xlwファイルの取得終了
12/17 14:30  Excelファイル取得正常終了
12/17 14:30  パスワード設定の開始
12/17 14:30  1 - コピー (34).xlsxのパスワード設定中
12/17 14:30  1 - コピー (5).xlsxのパスワード設定中
12/17 14:30  1 - コピー (86).xlsxのパスワード設定中
12/17 14:30  1 - コピー (31).xlsxのパスワード設定中
12/17 14:30  1 - コピー (60).xlsxのパスワード設定中
12/17 14:30  1 - コピー (34).xlsxはパスワードが設定されている為、パスワードを設定できません。
12/17 14:30  1 - コピー (35).xlsxのパスワード設定中
12/17 14:30  1 - コピー (5).xlsxはパスワードが設定されている為、パスワードを設定できません。
12/17 14:30  1 - コピー (6).xlsxのパスワード設定中
12/17 14:30  1 - コピー (86).xlsxはパスワードが設定されている為、パスワードを設定できません。
12/17 14:30  1 - コピー (87).xlsxのパスワード設定中
12/17 14:30  1 - コピー (31).xlsxはパスワードが設定されている為、パスワードを設定できません。
12/17 14:30  1 - コピー (60).xlsxはパスワードが設定されている為、パスワードを設定できません。
12/17 14:30  1 - コピー (35).xlsxはパスワードが設定されている為、パスワードを設定できません。
12/17 14:30  1 - コピー (6).xlsxはパスワードが設定されている為、パスワードを設定できません。
12/17 14:30  1 - コピー (87).xlsxはパスワードが設定されている為、パスワードを設定できません。
12/17 14:31  CSVファイルの取得開始
12/17 14:31  CSVファイルの取得終了
12/17 14:31  Excelファイルの取得開始
12/17 14:31  *.xltファイルの取得終了
12/17 14:31  *.xlsファイルの取得終了
12/17 14:31  *.xmlファイルの取得終了
12/17 14:31  *.xlaファイルの取得終了
12/17 14:31  *.xlwファイルの取得終了
12/17 14:31  Excelファイル取得正常終了
12/17 14:31  パスワード設定の開始
12/17 14:31  1 - コピー (34).xlsxのパスワード設定中
12/17 14:31  1 - コピー (60).xlsxのパスワード設定中
12/17 14:31  1 - コピー (86).xlsxのパスワード設定中
12/17 14:31  1 - コピー (5).xlsxのパスワード設定中
12/17 14:31  1 - コピー (86).xlsxはパスワードが設定されている為、パスワードを設定できません。
12/17 14:31  1 - コピー (87).xlsxのパスワード設定中
12/17 14:31  1 - コピー (60).xlsxはパスワードが設定されている為、パスワードを設定できません。
12/17 14:31  1 - コピー (61).xlsxのパスワード設定中
12/17 14:31  1 - コピー (5).xlsxはパスワードが設定されている為、パスワードを設定できません。
12/17 14:31  1 - コピー (6).xlsxのパスワード設定中
12/17 14:31  1 - コピー (34).xlsxはパスワードが設定されている為、パスワードを設定できません。
12/17 14:31  1 - コピー (35).xlsxのパスワード設定中
12/17 14:31  1 - コピー (87).xlsxはパスワードが設定されている為、パスワードを設定できません。
12/17 14:31  1 - コピー (88).xlsxのパスワード設定中
12/17 14:31  1 - コピー (61).xlsxはパスワードが設定されている為、パスワードを設定できません。
12/17 14:31  1 - コピー (6).xlsxはパスワードが設定されている為、パスワードを設定できません。
12/17 14:31  1 - コピー (35).xlsxはパスワードが設定されている為、パスワードを設定できません。
12/17 14:31  1 - コピー (88).xlsxはパスワードが設定されている為、パスワードを設定できません。
12/17 14:33  CSVファイルの取得開始
12/17 14:33  CSVファイルの取得終了
12/17 14:33  Excelファイルの取得開始
12/17 14:33  *.xltファイルの取得終了
12/17 14:33  *.xlsファイルの取得終了
12/17 14:33  *.xmlファイルの取得終了
12/17 14:33  *.xlaファイルの取得終了
12/17 14:33  *.xlwファイルの取得終了
12/17 14:33  Excelファイル取得正常終了
12/17 14:33  パスワード設定の開始
12/17 14:33  1 - コピー (34).xlsxのパスワード設定中
12/17 14:33  1 - コピー (60).xlsxのパスワード設定中
12/17 14:33  1 - コピー (86).xlsxのパスワード設定中
12/17 14:33  1 - コピー (5).xlsxのパスワード設定中
12/17 14:33  1 - コピー (34).xlsxはパスワードが設定されている為、パスワードを設定できません。
12/17 14:33  1 - コピー (35).xlsxのパスワード設定中
12/17 14:33  1 - コピー (86).xlsxはパスワードが設定されている為、パスワードを設定できません。
12/17 14:33  1 - コピー (87).xlsxのパスワード設定中
12/17 14:33  1 - コピー (5).xlsxはパスワードが設定されている為、パスワードを設定できません。
12/17 14:33  1 - コピー (6).xlsxのパスワード設定中
12/17 14:33  1 - コピー (60).xlsxはパスワードが設定されている為、パスワードを設定できません。
12/17 14:33  1 - コピー (61).xlsxのパスワード設定中
12/17 14:33  1 - コピー (35).xlsxはパスワードが設定されている為、パスワードを設定できません。
12/17 14:33  1 - コピー (87).xlsxはパスワードが設定されている為、パスワードを設定できません。
12/17 14:33  1 - コピー (6).xlsxはパスワードが設定されている為、パスワードを設定できません。
12/17 14:33  1 - コピー (61).xlsxはパスワードが設定されている為、パスワードを設定できません。
12/17 14:42  CSVファイルの取得開始
12/17 14:42  CSVファイルの取得終了
12/17 14:42  Excelファイルの取得開始
12/17 14:42  *.xltファイルの取得終了
12/17 14:42  *.xlsファイルの取得終了
12/17 14:42  *.xmlファイルの取得終了
12/17 14:42  *.xlaファイルの取得終了
12/17 14:42  *.xlwファイルの取得終了
12/17 14:42  Excelファイル取得正常終了
12/17 14:42  パスワード設定の開始
12/17 14:42  1 - コピー (34).xlsxのパスワード設定中
12/17 14:42  1 - コピー (60).xlsxのパスワード設定中
12/17 14:42  1 - コピー (86).xlsxのパスワード設定中
12/17 14:42  1 - コピー (5).xlsxのパスワード設定中
12/17 14:42  1 - コピー (31).xlsxのパスワード設定中
12/17 14:42  1 - コピー (86).xlsxはパスワードが設定されている為、パスワードを設定できません。
12/17 14:42  1 - コピー (87).xlsxのパスワード設定中
12/17 14:42  1 - コピー (5).xlsxはパスワードが設定されている為、パスワードを設定できません。
12/17 14:42  1 - コピー (6).xlsxのパスワード設定中
12/17 14:42  1 - コピー (60).xlsxはパスワードが設定されている為、パスワードを設定できません。
12/17 14:42  1 - コピー (61).xlsxのパスワード設定中
12/17 14:42  1 - コピー (34).xlsxはパスワードが設定されている為、パスワードを設定できません。
12/17 14:42  1 - コピー (35).xlsxのパスワード設定中
12/17 14:42  1 - コピー (31).xlsxはパスワードが設定されている為、パスワードを設定できません。
12/17 14:42  1 - コピー (87).xlsxはパスワードが設定されている為、パスワードを設定できません。
12/17 14:42  1 - コピー (6).xlsxはパスワードが設定されている為、パスワードを設定できません。
12/17 14:42  1 - コピー (61).xlsxはパスワードが設定されている為、パスワードを設定できません。
12/17 14:42  1 - コピー (35).xlsxはパスワードが設定されている為、パスワードを設定できません。
12/17 14:42  CSVファイルの取得開始
12/17 14:42  CSVファイルの取得開始
12/17 14:42  CSVファイルの取得終了
12/17 14:43  Excelファイルの取得開始
12/17 14:43  *.xltファイルの取得終了
12/17 14:43  *.xlsファイルの取得終了
12/17 14:43  *.xmlファイルの取得終了
12/17 14:43  *.xlaファイルの取得終了
12/17 14:43  *.xlwファイルの取得終了
12/17 14:43  Excelファイル取得正常終了
12/17 14:43  パスワード設定の開始
12/17 14:43  1 - コピー (34).xlsxのパスワード設定中
12/17 14:43  1 - コピー (60).xlsxのパスワード設定中
12/17 14:43  1 - コピー (86).xlsxのパスワード設定中
12/17 14:43  1 - コピー (5).xlsxのパスワード設定中
12/17 14:43  1 - コピー (5).xlsxはパスワードが設定されている為、パスワードを設定できません。
12/17 14:43  1 - コピー (6).xlsxのパスワード設定中
12/17 14:43  1 - コピー (34).xlsxはパスワードが設定されている為、パスワードを設定できません。
12/17 14:43  1 - コピー (35).xlsxのパスワード設定中
12/17 14:43  1 - コピー (86).xlsxはパスワードが設定されている為、パスワードを設定できません。
12/17 14:43  1 - コピー (87).xlsxのパスワード設定中
12/17 14:43  1 - コピー (60).xlsxはパスワードが設定されている為、パスワードを設定できません。
12/17 14:43  1 - コピー (61).xlsxのパスワード設定中
12/17 14:43  1 - コピー (6).xlsxはパスワードが設定されている為、パスワードを設定できません。
12/17 14:43  1 - コピー (7).xlsxのパスワード設定中
12/17 14:43  1 - コピー (35).xlsxはパスワードが設定されている為、パスワードを設定できません。
12/17 14:43  1 - コピー (36).xlsxのパスワード設定中
12/17 14:43  1 - コピー (87).xlsxはパスワードが設定されている為、パスワードを設定できません。
12/17 14:43  1 - コピー (61).xlsxはパスワードが設定されている為、パスワードを設定できません。
12/17 14:43  1 - コピー (7).xlsxはパスワードが設定されている為、パスワードを設定できません。
12/17 14:43  1 - コピー (36).xlsxはパスワードが設定されている為、パスワードを設定できません。
12/17 14:43  CSVファイルの取得開始
12/17 14:43  CSVファイルの取得終了
12/17 14:43  Excelファイルの取得開始
12/17 14:43  *.xltファイルの取得終了
12/17 14:43  *.xlsファイルの取得終了
12/17 14:43  *.xmlファイルの取得終了
12/17 14:43  *.xlaファイルの取得終了
12/17 14:43  *.xlwファイルの取得終了
12/17 14:43  Excelファイル取得正常終了
12/17 14:43  パスワード設定の開始
12/17 14:43  1 - コピー (34).xlsxのパスワード設定中
12/17 14:43  1 - コピー (86).xlsxのパスワード設定中
12/17 14:43  1 - コピー (5).xlsxのパスワード設定中
12/17 14:43  1 - コピー (60).xlsxのパスワード設定中
12/17 14:43  1 - コピー (34).xlsxはパスワードが設定されている為、パスワードを設定できません。
12/17 14:43  1 - コピー (86).xlsxはパスワードが設定されている為、パスワードを設定できません。
12/17 14:43  1 - コピー (5).xlsxはパスワードが設定されている為、パスワードを設定できません。
12/17 14:43  1 - コピー (60).xlsxはパスワードが設定されている為、パスワードを設定できません。
12/17 14:43  1 - コピー (31).xlsxのパスワード設定中
12/17 14:43  1 - コピー (35).xlsxのパスワード設定中
12/17 14:43  1 - コピー (31).xlsxはパスワードが設定されている為、パスワードを設定できません。
12/17 14:43  1 - コピー (61).xlsxのパスワード設定中
12/17 14:43  1 - コピー (35).xlsxはパスワードが設定されている為、パスワードを設定できません。
12/17 14:43  1 - コピー (87).xlsxのパスワード設定中
12/17 14:43  1 - コピー (61).xlsxはパスワードが設定されている為、パスワードを設定できません。
12/17 14:43  1 - コピー (87).xlsxはパスワードが設定されている為、パスワードを設定できません。
12/17 14:43  1 - コピー (6).xlsxのパスワード設定中
12/17 14:43  1 - コピー (32).xlsxのパスワード設定中
12/17 14:43  1 - コピー (6).xlsxはパスワードが設定されている為、パスワードを設定できません。
12/17 14:43  1 - コピー (32).xlsxはパスワードが設定されている為、パスワードを設定できません。
12/17 14:44  CSVファイルの取得開始
12/17 14:44  CSVファイルの取得終了
12/17 14:45  CSVファイルの取得開始
12/17 14:45  CSVファイルの取得終了
12/17 14:45  Excelファイルの取得開始
12/17 14:45  *.xltファイルの取得終了
12/17 14:45  *.xlsファイルの取得終了
12/17 14:45  *.xmlファイルの取得終了
12/17 14:45  *.xlaファイルの取得終了
12/17 14:45  *.xlwファイルの取得終了
12/17 14:45  Excelファイル取得正常終了
12/17 14:45  パスワード設定の開始
12/17 14:45  1 - コピー (34).xlsxのパスワード設定中
12/17 14:45  1 - コピー (60).xlsxのパスワード設定中
12/17 14:45  1 - コピー (86).xlsxのパスワード設定中
12/17 14:45  1 - コピー (5).xlsxのパスワード設定中
12/17 14:45  1 - コピー (60).xlsxはパスワードが設定されている為、パスワードを設定できません。
12/17 14:45  1 - コピー (61).xlsxのパスワード設定中
12/17 14:45  1 - コピー (34).xlsxはパスワードが設定されている為、パスワードを設定できません。
12/17 14:45  1 - コピー (35).xlsxのパスワード設定中
12/17 14:45  1 - コピー (86).xlsxはパスワードが設定されている為、パスワードを設定できません。
12/17 14:45  1 - コピー (87).xlsxのパスワード設定中
12/17 14:45  1 - コピー (5).xlsxはパスワードが設定されている為、パスワードを設定できません。
12/17 14:45  1 - コピー (6).xlsxのパスワード設定中
12/17 14:45  1 - コピー (61).xlsxはパスワードが設定されている為、パスワードを設定できません。
12/17 14:45  1 - コピー (62).xlsxのパスワード設定中
12/17 14:45  1 - コピー (35).xlsxはパスワードが設定されている為、パスワードを設定できません。
12/17 14:45  1 - コピー (87).xlsxはパスワードが設定されている為、パスワードを設定できません。
12/17 14:45  1 - コピー (6).xlsxはパスワードが設定されている為、パスワードを設定できません。
12/17 14:45  1 - コピー (62).xlsxはパスワードが設定されている為、パスワードを設定できません。
12/17 14:51  CSVファイルの取得開始
12/17 14:51  CSVファイルの取得終了
12/17 14:51  Excelファイルの取得開始
12/17 14:51  *.xltファイルの取得終了
12/17 14:51  *.xlsファイルの取得終了
12/17 14:51  *.xmlファイルの取得終了
12/17 14:51  *.xlaファイルの取得終了
12/17 14:51  *.xlwファイルの取得終了
12/17 14:51  Excelファイル取得正常終了
12/17 14:51  パスワード設定の開始
12/17 14:51  1 - コピー (34).xlsxのパスワード設定中
12/17 14:51  1 - コピー (86).xlsxのパスワード設定中
12/17 14:51  1 - コピー (5).xlsxのパスワード設定中
12/17 14:51  1 - コピー (60).xlsxのパスワード設定中
12/17 14:51  1 - コピー (35).xlsxのパスワード設定中
12/17 14:51  1 - コピー (36).xlsxのパスワード設定中
12/17 14:51  1 - コピー (6).xlsxのパスワード設定中
12/17 14:51  1 - コピー (61).xlsxのパスワード設定中
12/17 14:51  1 - コピー (62).xlsxのパスワード設定中
12/17 14:51  1 - コピー (87).xlsxのパスワード設定中
12/17 14:51  1 - コピー (7).xlsxのパスワード設定中
12/17 14:51  1 - コピー (37).xlsxのパスワード設定中
12/17 14:51  1 - コピー (63).xlsxのパスワード設定中
12/17 14:51  1 - コピー (38).xlsxのパスワード設定中
12/17 14:51  1 - コピー (88).xlsxのパスワード設定中
12/17 14:51  1 - コピー (8).xlsxのパスワード設定中
12/17 14:51  1 - コピー (9).xlsxのパスワード設定中
12/17 14:51  1 - コピー (39).xlsxのパスワード設定中
12/17 14:51  1 - コピー (64).xlsxのパスワード設定中
12/17 14:51  1 - コピー (65).xlsxのパスワード設定中
12/17 14:51  1 - コピー (10).xlsxのパスワード設定中
12/17 14:51  1 - コピー (11).xlsxのパスワード設定中
12/17 14:51  1 - コピー (89).xlsxのパスワード設定中
12/17 14:51  1 - コピー (66).xlsxのパスワード設定中
12/17 14:51  1 - コピー (12).xlsxのパスワード設定中
12/17 14:51  1 - コピー (13).xlsxのパスワード設定中
12/17 14:51  1 - コピー (14).xlsxのパスワード設定中
12/17 14:51  1 - コピー (40).xlsxのパスワード設定中
12/17 14:51  1 - コピー (67).xlsxのパスワード設定中
12/17 14:51  1 - コピー (41).xlsxのパスワード設定中
12/17 14:51  1 - コピー (90).xlsxのパスワード設定中
12/17 14:51  1 - コピー (15).xlsxのパスワード設定中
12/17 14:51  1 - コピー (68).xlsxのパスワード設定中
12/17 14:51  1 - コピー (42).xlsxのパスワード設定中
12/17 14:51  1 - コピー (43).xlsxのパスワード設定中
12/17 14:51  1 - コピー (91).xlsxのパスワード設定中
12/17 14:51  1 - コピー (16).xlsxのパスワード設定中
12/17 14:51  1 - コピー (17).xlsxのパスワード設定中
12/17 14:51  1 - コピー (69).xlsxのパスワード設定中
12/17 14:51  1 - コピー (70).xlsxのパスワード設定中
12/17 14:51  1 - コピー (44).xlsxのパスワード設定中
12/17 14:51  1 - コピー (92).xlsxのパスワード設定中
12/17 14:51  1 - コピー (18).xlsxのパスワード設定中
12/17 14:51  1 - コピー (71).xlsxのパスワード設定中
12/17 14:51  1 - コピー (72).xlsxのパスワード設定中
12/17 14:51  1 - コピー (19).xlsxのパスワード設定中
12/17 14:51  1 - コピー (45).xlsxのパスワード設定中
12/17 14:51  1 - コピー (93).xlsxのパスワード設定中
12/17 14:51  1 - コピー (94).xlsxのパスワード設定中
12/17 14:51  1 - コピー (73).xlsxのパスワード設定中
12/17 14:51  1 - コピー (20).xlsxのパスワード設定中
12/17 14:51  1 - コピー (95).xlsxのパスワード設定中
12/17 14:51  1 - コピー (46).xlsxのパスワード設定中
12/17 14:51  1 - コピー (74).xlsxのパスワード設定中
12/17 14:51  1 - コピー (75).xlsxのパスワード設定中
12/17 14:51  1 - コピー (21).xlsxのパスワード設定中
12/17 14:51  1 - コピー (22).xlsxのパスワード設定中
12/17 14:51  1 - コピー (23).xlsxのパスワード設定中
12/17 14:51  1 - コピー (24).xlsxのパスワード設定中
12/17 14:51  1 - コピー (25).xlsxのパスワード設定中
12/17 14:51  1 - コピー (26).xlsxのパスワード設定中
12/17 14:51  1 - コピー (96).xlsxのパスワード設定中
12/17 14:51  1 - コピー (76).xlsxのパスワード設定中
12/17 14:51  1 - コピー (47).xlsxのパスワード設定中
12/17 14:51  1 - コピー (48).xlsxのパスワード設定中
12/17 14:51  1 - コピー (27).xlsxのパスワード設定中
12/17 14:51  1 - コピー (28).xlsxのパスワード設定中
12/17 14:51  1 - コピー (29).xlsxのパスワード設定中
12/17 14:51  1 - コピー (77).xlsxのパスワード設定中
12/17 14:51  1 - コピー (97).xlsxのパスワード設定中
12/17 14:51  1 - コピー (49).xlsxのパスワード設定中
12/17 14:51  1 - コピー (50).xlsxのパスワード設定中
12/17 14:51  1 - コピー (30).xlsxのパスワード設定中
12/17 14:51  1 - コピー (78).xlsxのパスワード設定中
12/17 14:51  1 - コピー (31).xlsxのパスワード設定中
12/17 14:51  1 - コピー (32).xlsxのパスワード設定中
12/17 14:51  1 - コピー (51).xlsxのパスワード設定中
12/17 14:51  1 - コピー (98).xlsxのパスワード設定中
12/17 14:51  1 - コピー (79).xlsxのパスワード設定中
12/17 14:51  1 - コピー (33).xlsxのパスワード設定中
12/17 14:51  1 - コピー (101).xlsxのパスワード設定中
12/17 14:51  1 - コピー (99).xlsxのパスワード設定中
12/17 14:51  1 - コピー (52).xlsxのパスワード設定中
12/17 14:51  1 - コピー (102).xlsxのパスワード設定中
12/17 14:51  1 - コピー (80).xlsxのパスワード設定中
12/17 14:51  1 - コピー (81).xlsxのパスワード設定中
12/17 14:51  1 - コピー (82).xlsxのパスワード設定中
12/17 14:51  1 - コピー (83).xlsxのパスワード設定中
12/17 14:51  1 - コピー (84).xlsxのパスワード設定中
12/17 14:51  1 - コピー (100).xlsxのパスワード設定中
12/17 14:51  1 - コピー (103).xlsxのパスワード設定中
12/17 14:51  1 - コピー (53).xlsxのパスワード設定中
12/17 14:51  1 - コピー (54).xlsxのパスワード設定中
12/17 14:51  1 - コピー (104).xlsxのパスワード設定中
12/17 14:51  1 - コピー (55).xlsxのパスワード設定中
12/17 14:51  1 - コピー (85).xlsxのパスワード設定中
12/17 14:51  1 - コピー (56).xlsxのパスワード設定中
12/17 14:51  1 - コピー (57).xlsxのパスワード設定中
12/17 14:51  1 - コピー (58).xlsxのパスワード設定中
12/17 14:51  1 - コピー (105).xlsxのパスワード設定中
12/17 14:51  1 - コピー (106).xlsxのパスワード設定中
12/17 14:51  1 - コピー (59).xlsxのパスワード設定中
12/17 14:51  1 - コピー.xlsxのパスワード設定中
12/17 14:51  1.xlsxのパスワード設定中
12/17 14:51  1 - コピー (2).xlsxのパスワード設定中
12/17 14:51  1 - コピー (3).xlsxのパスワード設定中
12/17 14:51  1 - コピー (4).xlsxのパスワード設定中
12/17 14:51  CSVファイルの取得開始
12/17 14:51  CSVファイルの取得終了
12/17 14:51  Excelファイルの取得開始
12/17 14:51  *.xltファイルの取得終了
12/17 14:51  *.xlsファイルの取得終了
12/17 14:51  *.xmlファイルの取得終了
12/17 14:51  *.xlaファイルの取得終了
12/17 14:51  *.xlwファイルの取得終了
12/17 14:51  Excelファイル取得正常終了
12/17 14:51  パスワード設定の開始
12/17 14:51  1 - コピー (34).xlsxのパスワード設定中
12/17 14:51  1 - コピー (60).xlsxのパスワード設定中
12/17 14:51  1 - コピー (61).xlsxのパスワード設定中
12/17 14:51  1 - コピー (62).xlsxのパスワード設定中
12/17 14:51  1 - コピー (86).xlsxのパスワード設定中
12/17 14:51  1 - コピー (31).xlsxのパスワード設定中
12/17 14:51  1 - コピー (63).xlsxのパスワード設定中
12/17 14:51  1 - コピー (64).xlsxのパスワード設定中
12/17 14:51  1 - コピー (35).xlsxのパスワード設定中
12/17 14:51  1 - コピー (87).xlsxのパスワード設定中
12/17 14:51  1 - コピー (5).xlsxのパスワード設定中
12/17 14:51  1 - コピー (32).xlsxのパスワード設定中
12/17 14:51  1 - コピー (65).xlsxのパスワード設定中
12/17 14:51  1 - コピー (66).xlsxのパスワード設定中
12/17 14:51  1 - コピー (67).xlsxのパスワード設定中
12/17 14:51  1 - コピー (88).xlsxのパスワード設定中
12/17 14:51  1 - コピー (36).xlsxのパスワード設定中
12/17 14:51  1 - コピー (33).xlsxのパスワード設定中
12/17 14:51  1 - コピー (41).xlsxのパスワード設定中
12/17 14:51  1 - コピー (68).xlsxのパスワード設定中
12/17 14:51  1 - コピー (6).xlsxのパスワード設定中
12/17 14:51  1 - コピー (7).xlsxのパスワード設定中
12/17 14:51  1 - コピー (89).xlsxのパスワード設定中
12/17 14:51  1 - コピー (42).xlsxのパスワード設定中
12/17 14:51  1 - コピー (43).xlsxのパスワード設定中
12/17 14:51  1 - コピー (37).xlsxのパスワード設定中
12/17 14:51  1 - コピー (69).xlsxのパスワード設定中
12/17 14:51  1 - コピー (90).xlsxのパスワード設定中
12/17 14:51  1 - コピー (44).xlsxのパスワード設定中
12/17 14:51  1 - コピー (70).xlsxのパスワード設定中
12/17 14:51  1 - コピー (8).xlsxのパスワード設定中
12/17 14:51  1 - コピー (91).xlsxのパスワード設定中
12/17 14:51  1 - コピー (38).xlsxのパスワード設定中
12/17 14:51  1 - コピー (45).xlsxのパスワード設定中
12/17 14:51  1 - コピー (71).xlsxのパスワード設定中
12/17 14:51  1 - コピー (72).xlsxのパスワード設定中
12/17 14:51  1 - コピー (92).xlsxのパスワード設定中
12/17 14:51  1 - コピー (93).xlsxのパスワード設定中
12/17 14:51  1 - コピー (46).xlsxのパスワード設定中
12/17 14:51  1 - コピー (9).xlsxのパスワード設定中
12/17 14:51  1 - コピー (39).xlsxのパスワード設定中
12/17 14:51  1 - コピー (73).xlsxのパスワード設定中
12/17 14:51  1 - コピー (94).xlsxのパスワード設定中
12/17 14:51  1 - コピー (47).xlsxのパスワード設定中
12/17 14:51  1 - コピー (74).xlsxのパスワード設定中
12/17 14:51  1 - コピー (10).xlsxのパスワード設定中
12/17 14:51  1 - コピー (48).xlsxのパスワード設定中
12/17 14:51  1 - コピー (40).xlsxのパスワード設定中
12/17 14:51  1 - コピー (95).xlsxのパスワード設定中
12/17 14:51  1 - コピー (75).xlsxのパスワード設定中
12/17 14:51  1 - コピー (49).xlsxのパスワード設定中
12/17 14:51  1 - コピー (76).xlsxのパスワード設定中
12/17 14:51  1 - コピー (77).xlsxのパスワード設定中
12/17 14:51  1 - コピー (96).xlsxのパスワード設定中
12/17 14:51  1 - コピー (11).xlsxのパスワード設定中
12/17 14:51  1 - コピー (50).xlsxのパスワード設定中
12/17 14:51  1 - コピー (53).xlsxのパスワード設定中
12/17 14:51  1 - コピー (78).xlsxのパスワード設定中
12/17 14:51  1 - コピー (97).xlsxのパスワード設定中
12/17 14:51  1 - コピー (51).xlsxのパスワード設定中
12/17 14:51  1 - コピー (12).xlsxのパスワード設定中
12/17 14:51  1 - コピー (79).xlsxのパスワード設定中
12/17 14:51  1 - コピー (52).xlsxのパスワード設定中
12/17 14:51  1 - コピー (54).xlsxのパスワード設定中
12/17 14:51  1 - コピー (98).xlsxのパスワード設定中
12/17 14:51  1 - コピー (13).xlsxのパスワード設定中
12/17 14:51  1 - コピー (80).xlsxのパスワード設定中
12/17 14:51  1 - コピー (101).xlsxのパスワード設定中
12/17 14:51  1 - コピー (81).xlsxのパスワード設定中
12/17 14:51  1 - コピー (99).xlsxのパスワード設定中
12/17 14:51  1 - コピー (55).xlsxのパスワード設定中
12/17 14:51  1 - コピー (82).xlsxのパスワード設定中
12/17 14:51  1 - コピー (102).xlsxのパスワード設定中
12/17 14:51  1 - コピー (14).xlsxのパスワード設定中
12/17 14:51  1 - コピー (83).xlsxのパスワード設定中
12/17 14:51  1 - コピー (100).xlsxのパスワード設定中
12/17 14:51  1 - コピー (103).xlsxのパスワード設定中
12/17 14:51  1 - コピー (84).xlsxのパスワード設定中
12/17 14:51  1 - コピー (56).xlsxのパスワード設定中
12/17 14:51  1 - コピー (85).xlsxのパスワード設定中
12/17 14:51  1 - コピー (15).xlsxのパスワード設定中
12/17 14:51  1 - コピー (104).xlsxのパスワード設定中
12/17 14:51  1 - コピー (20).xlsxのパスワード設定中
12/17 14:51  1 - コピー (21).xlsxのパスワード設定中
12/17 14:51  1 - コピー (22).xlsxのパスワード設定中
12/17 14:51  1 - コピー (23).xlsxのパスワード設定中
12/17 14:51  1 - コピー (57).xlsxのパスワード設定中
12/17 14:51  1 - コピー (105).xlsxのパスワード設定中
12/17 14:51  1 - コピー (16).xlsxのパスワード設定中
12/17 14:51  1 - コピー (24).xlsxのパスワード設定中
12/17 14:51  1 - コピー (25).xlsxのパスワード設定中
12/17 14:51  1 - コピー (106).xlsxのパスワード設定中
12/17 14:51  1 - コピー (58).xlsxのパスワード設定中
12/17 14:51  1 - コピー.xlsxのパスワード設定中
12/17 14:51  1 - コピー (17).xlsxのパスワード設定中
12/17 14:51  1 - コピー (26).xlsxのパスワード設定中
12/17 14:51  1.xlsxのパスワード設定中
12/17 14:51  1 - コピー (2).xlsxのパスワード設定中
12/17 14:51  1 - コピー (59).xlsxのパスワード設定中
12/17 14:51  1 - コピー (27).xlsxのパスワード設定中
12/17 14:51  1 - コピー (18).xlsxのパスワード設定中
12/17 14:51  1 - コピー (3).xlsxのパスワード設定中
12/17 14:56  CSVファイルの取得開始
12/17 14:56  CSVファイルの取得終了
12/17 14:56  Excelファイルの取得開始
12/17 14:56  *.xltファイルの取得終了
12/17 14:56  *.xlsファイルの取得終了
12/17 14:56  *.xmlファイルの取得終了
12/17 14:56  *.xlaファイルの取得終了
12/17 14:56  *.xlwファイルの取得終了
12/17 14:56  Excelファイル取得正常終了
12/17 14:56  パスワード設定の開始
12/17 14:56  1 - コピー (34).xlsxのパスワード設定中
12/17 14:56  1 - コピー (60).xlsxのパスワード設定中
12/17 14:56  1 - コピー (86).xlsxのパスワード設定中
12/17 14:56  1 - コピー (5).xlsxのパスワード設定中
12/17 14:56  1 - コピー (5).xlsxはパスワードが設定されている為、パスワードを設定できません。
12/17 14:56  1 - コピー (6).xlsxのパスワード設定中
12/17 14:56  1 - コピー (86).xlsxはパスワードが設定されている為、パスワードを設定できません。
12/17 14:56  1 - コピー (87).xlsxのパスワード設定中
12/17 14:56  1 - コピー (60).xlsxはパスワードが設定されている為、パスワードを設定できません。
12/17 14:56  1 - コピー (61).xlsxのパスワード設定中
12/17 14:56  1 - コピー (34).xlsxはパスワードが設定されている為、パスワードを設定できません。
12/17 14:56  1 - コピー (35).xlsxのパスワード設定中
12/17 14:56  1 - コピー (6).xlsxはパスワードが設定されている為、パスワードを設定できません。
12/17 14:56  1 - コピー (7).xlsxのパスワード設定中
12/17 14:56  1 - コピー (87).xlsxはパスワードが設定されている為、パスワードを設定できません。
12/17 14:56  1 - コピー (61).xlsxはパスワードが設定されている為、パスワードを設定できません。
12/17 14:56  1 - コピー (35).xlsxはパスワードが設定されている為、パスワードを設定できません。
12/17 14:56  1 - コピー (7).xlsxはパスワードが設定されている為、パスワードを設定できません。
12/17 14:56  CSVファイルの取得開始
12/17 14:56  CSVファイルの取得終了
12/17 14:56  Excelファイルの取得開始
12/17 14:56  *.xltファイルの取得終了
12/17 14:56  *.xlsファイルの取得終了
12/17 14:56  *.xmlファイルの取得終了
12/17 14:56  *.xlaファイルの取得終了
12/17 14:56  *.xlwファイルの取得終了
12/17 14:56  Excelファイル取得正常終了
12/17 14:56  パスワード設定の開始
12/17 14:56  1 - コピー (34).xlsxのパスワード設定中
12/17 14:56  1 - コピー (5).xlsxのパスワード設定中
12/17 14:56  1 - コピー (60).xlsxのパスワード設定中
12/17 14:56  1 - コピー (86).xlsxのパスワード設定中
12/17 14:56  1 - コピー (34).xlsxはパスワードが設定されている為、パスワードを設定できません。
12/17 14:56  1 - コピー (35).xlsxのパスワード設定中
12/17 14:56  1 - コピー (5).xlsxはパスワードが設定されている為、パスワードを設定できません。
12/17 14:56  1 - コピー (6).xlsxのパスワード設定中
12/17 14:56  1 - コピー (31).xlsxのパスワード設定中
12/17 14:56  1 - コピー (60).xlsxはパスワードが設定されている為、パスワードを設定できません。
12/17 14:56  1 - コピー (61).xlsxのパスワード設定中
12/17 14:56  1 - コピー (86).xlsxはパスワードが設定されている為、パスワードを設定できません。
12/17 14:56  1 - コピー (87).xlsxのパスワード設定中
12/17 14:56  1 - コピー (35).xlsxはパスワードが設定されている為、パスワードを設定できません。
12/17 14:56  1 - コピー (36).xlsxのパスワード設定中
12/17 14:56  1 - コピー (6).xlsxはパスワードが設定されている為、パスワードを設定できません。
12/17 14:56  1 - コピー (31).xlsxはパスワードが設定されている為、パスワードを設定できません。
12/17 14:56  1 - コピー (61).xlsxはパスワードが設定されている為、パスワードを設定できません。
12/17 14:56  1 - コピー (87).xlsxはパスワードが設定されている為、パスワードを設定できません。
12/17 14:56  1 - コピー (36).xlsxはパスワードが設定されている為、パスワードを設定できません。
12/17 14:58  CSVファイルの取得開始
12/17 14:58  CSVファイルの取得終了
12/17 14:58  Excelファイルの取得開始
12/17 14:58  *.xltファイルの取得終了
12/17 14:58  *.xlsファイルの取得終了
12/17 14:58  *.xmlファイルの取得終了
12/17 14:58  *.xlaファイルの取得終了
12/17 14:58  *.xlwファイルの取得終了
12/17 14:58  Excelファイル取得正常終了
12/17 14:58  パスワード設定の開始
12/17 14:58  1 - コピー (34).xlsxのパスワード設定中
12/17 14:58  1 - コピー (60).xlsxのパスワード設定中
12/17 14:58  1 - コピー (86).xlsxのパスワード設定中
12/17 14:58  1 - コピー (5).xlsxのパスワード設定中
12/17 14:58  1 - コピー (34).xlsxはパスワードが設定されている為、パスワードを設定できません。
12/17 14:58  1 - コピー (35).xlsxのパスワード設定中
12/17 14:58  1 - コピー (60).xlsxはパスワードが設定されている為、パスワードを設定できません。
12/17 14:58  1 - コピー (61).xlsxのパスワード設定中
12/17 14:58  1 - コピー (86).xlsxはパスワードが設定されている為、パスワードを設定できません。
12/17 14:58  1 - コピー (87).xlsxのパスワード設定中
12/17 14:58  1 - コピー (31).xlsxのパスワード設定中
12/17 14:58  1 - コピー (5).xlsxはパスワードが設定されている為、パスワードを設定できません。
12/17 14:58  1 - コピー (6).xlsxのパスワード設定中
12/17 14:58  1 - コピー (35).xlsxはパスワードが設定されている為、パスワードを設定できません。
12/17 14:58  1 - コピー (36).xlsxのパスワード設定中
12/17 14:58  1 - コピー (61).xlsxはパスワードが設定されている為、パスワードを設定できません。
12/17 14:58  1 - コピー (62).xlsxのパスワード設定中
12/17 14:58  1 - コピー (87).xlsxはパスワードが設定されている為、パスワードを設定できません。
12/17 14:58  1 - コピー (88).xlsxのパスワード設定中
12/17 14:58  1 - コピー (31).xlsxはパスワードが設定されている為、パスワードを設定できません。
12/17 14:58  1 - コピー (6).xlsxはパスワードが設定されている為、パスワードを設定できません。
12/17 14:58  1 - コピー (36).xlsxはパスワードが設定されている為、パスワードを設定できません。
12/17 15:00  CSVファイルの取得開始
12/17 15:00  CSVファイルの取得終了
12/17 15:00  Excelファイルの取得開始
12/17 15:00  *.xltファイルの取得終了
12/17 15:00  *.xlsファイルの取得終了
12/17 15:00  *.xmlファイルの取得終了
12/17 15:00  *.xlaファイルの取得終了
12/17 15:00  *.xlwファイルの取得終了
12/17 15:00  Excelファイル取得正常終了
12/17 15:00  パスワード設定の開始
12/17 15:00  1 - コピー (34).xlsxのパスワード設定中
12/17 15:00  1 - コピー (60).xlsxのパスワード設定中
12/17 15:00  1 - コピー (86).xlsxのパスワード設定中
12/17 15:00  1 - コピー (35).xlsxのパスワード設定中
12/17 15:00  1 - コピー (5).xlsxのパスワード設定中
12/17 15:00  1 - コピー (61).xlsxのパスワード設定中
12/17 15:00  1 - コピー (87).xlsxのパスワード設定中
12/17 15:00  1 - コピー (36).xlsxのパスワード設定中
12/17 15:00  1 - コピー (6).xlsxのパスワード設定中
12/17 15:00  1 - コピー (62).xlsxのパスワード設定中
12/17 15:00  1 - コピー (88).xlsxのパスワード設定中
12/17 15:00  1 - コピー (37).xlsxのパスワード設定中
12/17 15:00  1 - コピー (7).xlsxのパスワード設定中
12/17 15:00  1 - コピー (8).xlsxのパスワード設定中
12/17 15:00  1 - コピー (63).xlsxのパスワード設定中
12/17 15:00  1 - コピー (89).xlsxのパスワード設定中
12/17 15:00  1 - コピー (90).xlsxのパスワード設定中
12/17 15:00  1 - コピー (38).xlsxのパスワード設定中
12/17 15:00  1 - コピー (39).xlsxのパスワード設定中
12/17 15:00  1 - コピー (40).xlsxのパスワード設定中
12/17 15:00  1 - コピー (9).xlsxのパスワード設定中
12/17 15:00  1 - コピー (64).xlsxのパスワード設定中
12/17 15:00  1 - コピー (91).xlsxのパスワード設定中
12/17 15:00  1 - コピー (65).xlsxのパスワード設定中
12/17 15:00  1 - コピー (41).xlsxのパスワード設定中
12/17 15:00  1 - コピー (10).xlsxのパスワード設定中
12/17 15:00  1 - コピー (92).xlsxのパスワード設定中
12/17 15:00  1 - コピー (66).xlsxのパスワード設定中
12/17 15:00  1 - コピー (42).xlsxのパスワード設定中
12/17 15:00  1 - コピー (11).xlsxのパスワード設定中
12/17 15:00  1 - コピー (93).xlsxのパスワード設定中
12/17 15:00  1 - コピー (67).xlsxのパスワード設定中
12/17 15:00  1 - コピー (43).xlsxのパスワード設定中
12/17 15:00  1 - コピー (68).xlsxのパスワード設定中
12/17 15:00  1 - コピー (94).xlsxのパスワード設定中
12/17 15:00  1 - コピー (69).xlsxのパスワード設定中
12/17 15:00  1 - コピー (12).xlsxのパスワード設定中
12/17 15:00  1 - コピー (70).xlsxのパスワード設定中
12/17 15:00  1 - コピー (44).xlsxのパスワード設定中
12/17 15:00  1 - コピー (45).xlsxのパスワード設定中
12/17 15:00  1 - コピー (95).xlsxのパスワード設定中
12/17 15:00  1 - コピー (13).xlsxのパスワード設定中
12/17 15:00  1 - コピー (71).xlsxのパスワード設定中
12/17 15:00  1 - コピー (46).xlsxのパスワード設定中
12/17 15:00  1 - コピー (47).xlsxのパスワード設定中
12/17 15:00  1 - コピー (96).xlsxのパスワード設定中
12/17 15:00  1 - コピー (72).xlsxのパスワード設定中
12/17 15:00  1 - コピー (14).xlsxのパスワード設定中
12/17 15:00  1 - コピー (48).xlsxのパスワード設定中
12/17 15:00  1 - コピー (15).xlsxのパスワード設定中
12/17 15:00  1 - コピー (73).xlsxのパスワード設定中
12/17 15:00  1 - コピー (97).xlsxのパスワード設定中
12/17 15:00  1 - コピー (74).xlsxのパスワード設定中
12/17 15:00  1 - コピー (49).xlsxのパスワード設定中
12/17 15:00  1 - コピー (16).xlsxのパスワード設定中
12/17 15:00  1 - コピー (17).xlsxのパスワード設定中
12/17 15:00  1 - コピー (98).xlsxのパスワード設定中
12/17 15:00  1 - コピー (99).xlsxのパスワード設定中
12/17 15:00  1 - コピー (50).xlsxのパスワード設定中
12/17 15:00  1 - コピー (75).xlsxのパスワード設定中
12/17 15:00  1 - コピー (18).xlsxのパスワード設定中
12/17 15:00  1 - コピー (51).xlsxのパスワード設定中
12/17 15:00  1 - コピー (100).xlsxのパスワード設定中
12/17 15:00  1 - コピー (101).xlsxのパスワード設定中
12/17 15:00  1 - コピー (102).xlsxのパスワード設定中
12/17 15:00  1 - コピー (76).xlsxのパスワード設定中
12/17 15:00  1 - コピー (19).xlsxのパスワード設定中
12/17 15:00  1 - コピー (52).xlsxのパスワード設定中
12/17 15:00  1 - コピー (103).xlsxのパスワード設定中
12/17 15:00  1 - コピー (20).xlsxのパスワード設定中
12/17 15:00  1 - コピー (77).xlsxのパスワード設定中
12/17 15:00  1 - コピー (104).xlsxのパスワード設定中
12/17 15:00  1 - コピー (21).xlsxのパスワード設定中
12/17 15:00  1 - コピー (53).xlsxのパスワード設定中
12/17 15:00  1 - コピー (78).xlsxのパスワード設定中
12/17 15:00  1 - コピー (105).xlsxのパスワード設定中
12/17 15:00  1 - コピー (22).xlsxのパスワード設定中
12/17 15:00  1 - コピー (54).xlsxのパスワード設定中
12/17 15:00  1 - コピー (79).xlsxのパスワード設定中
12/17 15:00  1 - コピー (106).xlsxのパスワード設定中
12/17 15:00  1 - コピー (23).xlsxのパスワード設定中
12/17 15:00  1 - コピー (55).xlsxのパスワード設定中
12/17 15:00  1 - コピー (56).xlsxのパスワード設定中
12/17 15:00  1 - コピー (57).xlsxのパスワード設定中
12/17 15:00  1 - コピー (24).xlsxのパスワード設定中
12/17 15:00  1 - コピー.xlsxのパスワード設定中
12/17 15:00  1 - コピー (80).xlsxのパスワード設定中
12/17 15:00  1.xlsxのパスワード設定中
12/17 15:00  1 - コピー (58).xlsxのパスワード設定中
12/17 15:00  1 - コピー (25).xlsxのパスワード設定中
12/17 15:00  1 - コピー (81).xlsxのパスワード設定中
12/17 15:00  1 - コピー (2).xlsxのパスワード設定中
12/17 15:00  1 - コピー (26).xlsxのパスワード設定中
12/17 15:00  1 - コピー (82).xlsxのパスワード設定中
12/17 15:00  1 - コピー (59).xlsxのパスワード設定中
12/17 15:00  1 - コピー (27).xlsxのパスワード設定中
12/17 15:00  1 - コピー (3).xlsxのパスワード設定中
12/17 15:00  1 - コピー (83).xlsxのパスワード設定中
12/17 15:00  1 - コピー (31).xlsxのパスワード設定中
12/17 15:00  1 - コピー (28).xlsxのパスワード設定中
12/17 15:00  1 - コピー (84).xlsxのパスワード設定中
12/17 15:00  1 - コピー (4).xlsxのパスワード設定中
12/17 15:00  1 - コピー (32).xlsxのパスワード設定中
12/17 15:00  1 - コピー (33).xlsxのパスワード設定中
12/17 15:00  1 - コピー (29).xlsxのパスワード設定中
12/17 15:00  1 - コピー (30).xlsxのパスワード設定中
12/17 15:00  1 - コピー (85).xlsxのパスワード設定中
12/17 15:01  CSVファイルの取得開始
12/17 15:01  CSVファイルの取得終了
12/17 15:01  Excelファイルの取得開始
12/17 15:01  *.xltファイルの取得終了
12/17 15:01  *.xlsファイルの取得終了
12/17 15:01  *.xmlファイルの取得終了
12/17 15:01  *.xlaファイルの取得終了
12/17 15:01  *.xlwファイルの取得終了
12/17 15:01  Excelファイル取得正常終了
12/17 15:01  パスワード設定の開始
12/17 15:01  1 - コピー (34).xlsxのパスワード設定中
12/17 15:01  1 - コピー (60).xlsxのパスワード設定中
12/17 15:01  1 - コピー (5).xlsxのパスワード設定中
12/17 15:01  1 - コピー (86).xlsxのパスワード設定中
12/17 15:01  1 - コピー (34).xlsxはパスワードが設定されている為、パスワードを設定できません。
12/17 15:01  1 - コピー (35).xlsxのパスワード設定中
12/17 15:01  1 - コピー (60).xlsxはパスワードが設定されている為、パスワードを設定できません。
12/17 15:01  1 - コピー (61).xlsxのパスワード設定中
12/17 15:01  1 - コピー (86).xlsxはパスワードが設定されている為、パスワードを設定できません。
12/17 15:01  1 - コピー (87).xlsxのパスワード設定中
12/17 15:01  1 - コピー (5).xlsxはパスワードが設定されている為、パスワードを設定できません。
12/17 15:01  1 - コピー (6).xlsxのパスワード設定中
12/17 15:01  1 - コピー (35).xlsxはパスワードが設定されている為、パスワードを設定できません。
12/17 15:01  1 - コピー (36).xlsxのパスワード設定中
12/17 15:01  1 - コピー (61).xlsxはパスワードが設定されている為、パスワードを設定できません。
12/17 15:01  1 - コピー (62).xlsxのパスワード設定中
12/17 15:01  1 - コピー (87).xlsxはパスワードが設定されている為、パスワードを設定できません。
12/17 15:01  1 - コピー (88).xlsxのパスワード設定中
12/17 15:01  1 - コピー (6).xlsxはパスワードが設定されている為、パスワードを設定できません。
12/17 15:01  1 - コピー (36).xlsxはパスワードが設定されている為、パスワードを設定できません。
12/17 15:01  1 - コピー (62).xlsxはパスワードが設定されている為、パスワードを設定できません。
12/17 15:01  1 - コピー (88).xlsxはパスワードが設定されている為、パスワードを設定できません。
12/17 15:03  CSVファイルの取得開始
12/17 15:03  CSVファイルの取得終了
12/17 15:03  Excelファイルの取得開始
12/17 15:03  *.xltファイルの取得終了
12/17 15:03  *.xlsファイルの取得終了
12/17 15:03  *.xmlファイルの取得終了
12/17 15:03  *.xlaファイルの取得終了
12/17 15:03  *.xlwファイルの取得終了
12/17 15:03  Excelファイル取得正常終了
12/17 15:03  パスワード設定の開始
12/17 15:03  1 - コピー (34).xlsxのパスワード設定中
12/17 15:03  1 - コピー (60).xlsxのパスワード設定中
12/17 15:03  1 - コピー (86).xlsxのパスワード設定中
12/17 15:03  1 - コピー (5).xlsxのパスワード設定中
12/17 15:03  1 - コピー (31).xlsxのパスワード設定中
12/17 15:03  1 - コピー (34).xlsxはパスワードが設定されている為、パスワードを設定できません。
12/17 15:03  1 - コピー (35).xlsxのパスワード設定中
12/17 15:03  1 - コピー (5).xlsxはパスワードが設定されている為、パスワードを設定できません。
12/17 15:03  1 - コピー (6).xlsxのパスワード設定中
12/17 15:03  1 - コピー (60).xlsxはパスワードが設定されている為、パスワードを設定できません。
12/17 15:03  1 - コピー (61).xlsxのパスワード設定中
12/17 15:03  1 - コピー (86).xlsxはパスワードが設定されている為、パスワードを設定できません。
12/17 15:03  1 - コピー (87).xlsxのパスワード設定中
12/17 15:03  1 - コピー (31).xlsxはパスワードが設定されている為、パスワードを設定できません。
12/17 15:03  1 - コピー (32).xlsxのパスワード設定中
12/17 15:03  1 - コピー (35).xlsxはパスワードが設定されている為、パスワードを設定できません。
12/17 15:03  1 - コピー (36).xlsxのパスワード設定中
12/17 15:03  1 - コピー (6).xlsxはパスワードが設定されている為、パスワードを設定できません。
12/17 15:03  1 - コピー (7).xlsxのパスワード設定中
12/17 15:03  1 - コピー (61).xlsxはパスワードが設定されている為、パスワードを設定できません。
12/17 15:03  1 - コピー (62).xlsxのパスワード設定中
12/17 15:03  1 - コピー (87).xlsxはパスワードが設定されている為、パスワードを設定できません。
12/17 15:03  1 - コピー (88).xlsxのパスワード設定中
12/17 15:03  1 - コピー (32).xlsxはパスワードが設定されている為、パスワードを設定できません。
12/17 15:03  1 - コピー (33).xlsxのパスワード設定中
12/17 15:03  1 - コピー (36).xlsxはパスワードが設定されている為、パスワードを設定できません。
12/17 15:03  1 - コピー (37).xlsxのパスワード設定中
12/17 15:03  1 - コピー (7).xlsxはパスワードが設定されている為、パスワードを設定できません。
12/17 15:03  1 - コピー (8).xlsxのパスワード設定中
12/17 15:03  1 - コピー (62).xlsxはパスワードが設定されている為、パスワードを設定できません。
12/17 15:03  1 - コピー (63).xlsxのパスワード設定中
12/17 15:03  1 - コピー (88).xlsxはパスワードが設定されている為、パスワードを設定できません。
12/17 15:03  1 - コピー (89).xlsxのパスワード設定中
12/17 15:03  1 - コピー (33).xlsxはパスワードが設定されている為、パスワードを設定できません。
12/17 15:03  1 - コピー (41).xlsxのパスワード設定中
12/17 15:03  1 - コピー (37).xlsxはパスワードが設定されている為、パスワードを設定できません。
12/17 15:03  1 - コピー (38).xlsxのパスワード設定中
12/17 15:04  1 - コピー (8).xlsxはパスワードが設定されている為、パスワードを設定できません。
12/17 15:04  1 - コピー (9).xlsxのパスワード設定中
12/17 15:04  1 - コピー (63).xlsxはパスワードが設定されている為、パスワードを設定できません。
12/17 15:04  1 - コピー (64).xlsxのパスワード設定中
12/17 15:04  1 - コピー (89).xlsxはパスワードが設定されている為、パスワードを設定できません。
12/17 15:04  1 - コピー (90).xlsxのパスワード設定中
12/17 15:04  1 - コピー (41).xlsxはパスワードが設定されている為、パスワードを設定できません。
12/17 15:04  1 - コピー (42).xlsxのパスワード設定中
12/17 15:04  1 - コピー (45).xlsxのパスワード設定中
12/17 15:04  1 - コピー (38).xlsxはパスワードが設定されている為、パスワードを設定できません。
12/17 15:04  1 - コピー (39).xlsxのパスワード設定中
12/17 15:04  1 - コピー (9).xlsxはパスワードが設定されている為、パスワードを設定できません。
12/17 15:04  1 - コピー (10).xlsxのパスワード設定中
12/17 15:04  1 - コピー (67).xlsxのパスワード設定中
12/17 15:04  1 - コピー (64).xlsxはパスワードが設定されている為、パスワードを設定できません。
12/17 15:04  1 - コピー (65).xlsxのパスワード設定中
12/17 15:04  1 - コピー (90).xlsxはパスワードが設定されている為、パスワードを設定できません。
12/17 15:04  1 - コピー (42).xlsxはパスワードが設定されている為、パスワードを設定できません。
12/17 15:04  1 - コピー (45).xlsxはパスワードが設定されている為、パスワードを設定できません。
12/17 15:04  1 - コピー (39).xlsxはパスワードが設定されている為、パスワードを設定できません。
12/17 15:04  1 - コピー (10).xlsxはパスワードが設定されている為、パスワードを設定できません。
12/17 15:04  1 - コピー (67).xlsxはパスワードが設定されている為、パスワードを設定できません。
12/17 15:04  1 - コピー (65).xlsxはパスワードが設定されている為、パスワードを設定できません。
12/17 15:05  CSVファイルの取得開始
12/17 15:05  CSVファイルの取得終了
12/17 15:05  Excelファイルの取得開始
12/17 15:05  *.xltファイルの取得終了
12/17 15:05  *.xlsファイルの取得終了
12/17 15:05  *.xmlファイルの取得終了
12/17 15:05  *.xlaファイルの取得終了
12/17 15:05  *.xlwファイルの取得終了
12/17 15:05  Excelファイル取得正常終了
12/17 15:05  パスワード設定の開始
12/17 15:05  1 - コピー (34).xlsxのパスワード設定中
12/17 15:05  1 - コピー (60).xlsxのパスワード設定中
12/17 15:05  1 - コピー (86).xlsxのパスワード設定中
12/17 15:05  1 - コピー (5).xlsxのパスワード設定中
12/17 15:05  1 - コピー (86).xlsxはパスワードが設定されている為、パスワードを設定できません。
12/17 15:05  1 - コピー (87).xlsxのパスワード設定中
12/17 15:05  1 - コピー (60).xlsxはパスワードが設定されている為、パスワードを設定できません。
12/17 15:05  1 - コピー (61).xlsxのパスワード設定中
12/17 15:05  1 - コピー (34).xlsxはパスワードが設定されている為、パスワードを設定できません。
12/17 15:05  1 - コピー (35).xlsxのパスワード設定中
12/17 15:05  1 - コピー (5).xlsxはパスワードが設定されている為、パスワードを設定できません。
12/17 15:05  1 - コピー (6).xlsxのパスワード設定中
12/17 15:05  1 - コピー (87).xlsxはパスワードが設定されている為、パスワードを設定できません。
12/17 15:05  1 - コピー (88).xlsxのパスワード設定中
12/17 15:05  1 - コピー (61).xlsxはパスワードが設定されている為、パスワードを設定できません。
12/17 15:05  1 - コピー (62).xlsxのパスワード設定中
12/17 15:05  1 - コピー (35).xlsxはパスワードが設定されている為、パスワードを設定できません。
12/17 15:05  1 - コピー (36).xlsxのパスワード設定中
12/17 15:05  1 - コピー (6).xlsxはパスワードが設定されている為、パスワードを設定できません。
12/17 15:05  1 - コピー (7).xlsxのパスワード設定中
12/17 15:05  1 - コピー (88).xlsxはパスワードが設定されている為、パスワードを設定できません。
12/17 15:05  1 - コピー (89).xlsxのパスワード設定中
12/17 15:05  1 - コピー (62).xlsxはパスワードが設定されている為、パスワードを設定できません。
12/17 15:05  1 - コピー (63).xlsxのパスワード設定中
12/17 15:05  1 - コピー (36).xlsxはパスワードが設定されている為、パスワードを設定できません。
12/17 15:05  1 - コピー (37).xlsxのパスワード設定中
12/17 15:05  1 - コピー (7).xlsxはパスワードが設定されている為、パスワードを設定できません。
12/17 15:05  1 - コピー (8).xlsxのパスワード設定中
12/17 15:05  1 - コピー (89).xlsxはパスワードが設定されている為、パスワードを設定できません。
12/17 15:05  1 - コピー (90).xlsxのパスワード設定中
12/17 15:05  1 - コピー (31).xlsxのパスワード設定中
12/17 15:05  1 - コピー (63).xlsxはパスワードが設定されている為、パスワードを設定できません。
12/17 15:05  1 - コピー (37).xlsxはパスワードが設定されている為、パスワードを設定できません。
12/17 15:05  1 - コピー (8).xlsxはパスワードが設定されている為、パスワードを設定できません。
12/17 15:05  1 - コピー (90).xlsxはパスワードが設定されている為、パスワードを設定できません。
12/17 15:05  1 - コピー (31).xlsxはパスワードが設定されている為、パスワードを設定できません。
12/17 15:06  CSVファイルの取得開始
12/17 15:06  CSVファイルの取得終了
12/17 15:06  Excelファイルの取得開始
12/17 15:06  *.xltファイルの取得終了
12/17 15:06  *.xlsファイルの取得終了
12/17 15:06  *.xmlファイルの取得終了
12/17 15:06  *.xlaファイルの取得終了
12/17 15:06  *.xlwファイルの取得終了
12/17 15:06  Excelファイル取得正常終了
12/17 15:06  パスワード設定の開始
12/17 15:06  1 - コピー (34).xlsxのパスワード設定中
12/17 15:06  1 - コピー (60).xlsxのパスワード設定中
12/17 15:06  1 - コピー (5).xlsxのパスワード設定中
12/17 15:06  1 - コピー (86).xlsxのパスワード設定中
12/17 15:06  1 - コピー (31).xlsxのパスワード設定中
12/17 15:06  1 - コピー (86).xlsxはパスワードが設定されている為、パスワードを設定できません。
12/17 15:06  1 - コピー (87).xlsxのパスワード設定中
12/17 15:06  1 - コピー (5).xlsxはパスワードが設定されている為、パスワードを設定できません。
12/17 15:06  1 - コピー (6).xlsxのパスワード設定中
12/17 15:06  1 - コピー (60).xlsxはパスワードが設定されている為、パスワードを設定できません。
12/17 15:06  1 - コピー (61).xlsxのパスワード設定中
12/17 15:06  1 - コピー (34).xlsxはパスワードが設定されている為、パスワードを設定できません。
12/17 15:06  1 - コピー (35).xlsxのパスワード設定中
12/17 15:06  1 - コピー (31).xlsxはパスワードが設定されている為、パスワードを設定できません。
12/17 15:06  1 - コピー (32).xlsxのパスワード設定中
12/17 15:06  1 - コピー (87).xlsxはパスワードが設定されている為、パスワードを設定できません。
12/17 15:06  1 - コピー (88).xlsxのパスワード設定中
12/17 15:06  1 - コピー (6).xlsxはパスワードが設定されている為、パスワードを設定できません。
12/17 15:06  1 - コピー (7).xlsxのパスワード設定中
12/17 15:06  1 - コピー (61).xlsxはパスワードが設定されている為、パスワードを設定できません。
12/17 15:06  1 - コピー (62).xlsxのパスワード設定中
12/17 15:06  1 - コピー (35).xlsxはパスワードが設定されている為、パスワードを設定できません。
12/17 15:06  1 - コピー (36).xlsxのパスワード設定中
12/17 15:06  1 - コピー (32).xlsxはパスワードが設定されている為、パスワードを設定できません。
12/17 15:06  1 - コピー (33).xlsxのパスワード設定中
12/17 15:06  1 - コピー (88).xlsxはパスワードが設定されている為、パスワードを設定できません。
12/17 15:06  1 - コピー (89).xlsxのパスワード設定中
12/17 15:06  1 - コピー (7).xlsxはパスワードが設定されている為、パスワードを設定できません。
12/17 15:06  1 - コピー (8).xlsxのパスワード設定中
12/17 15:06  1 - コピー (62).xlsxはパスワードが設定されている為、パスワードを設定できません。
12/17 15:06  1 - コピー (63).xlsxのパスワード設定中
12/17 15:06  1 - コピー (36).xlsxはパスワードが設定されている為、パスワードを設定できません。
12/17 15:06  1 - コピー (37).xlsxのパスワード設定中
12/17 15:06  1 - コピー (33).xlsxはパスワードが設定されている為、パスワードを設定できません。
12/17 15:06  1 - コピー (41).xlsxのパスワード設定中
12/17 15:06  1 - コピー (89).xlsxはパスワードが設定されている為、パスワードを設定できません。
12/17 15:06  1 - コピー (90).xlsxのパスワード設定中
12/17 15:06  1 - コピー (8).xlsxはパスワードが設定されている為、パスワードを設定できません。
12/17 15:06  1 - コピー (9).xlsxのパスワード設定中
12/17 15:06  1 - コピー (63).xlsxはパスワードが設定されている為、パスワードを設定できません。
12/17 15:06  1 - コピー (64).xlsxのパスワード設定中
12/17 15:06  1 - コピー (37).xlsxはパスワードが設定されている為、パスワードを設定できません。
12/17 15:06  1 - コピー (38).xlsxのパスワード設定中
12/17 15:06  1 - コピー (41).xlsxはパスワードが設定されている為、パスワードを設定できません。
12/17 15:06  1 - コピー (42).xlsxのパスワード設定中
12/17 15:06  1 - コピー (90).xlsxはパスワードが設定されている為、パスワードを設定できません。
12/17 15:06  1 - コピー (91).xlsxのパスワード設定中
12/17 15:06  1 - コピー (9).xlsxはパスワードが設定されている為、パスワードを設定できません。
12/17 15:06  1 - コピー (10).xlsxのパスワード設定中
12/17 15:06  1 - コピー (64).xlsxはパスワードが設定されている為、パスワードを設定できません。
12/17 15:06  1 - コピー (65).xlsxのパスワード設定中
12/17 15:06  1 - コピー (38).xlsxはパスワードが設定されている為、パスワードを設定できません。
12/17 15:06  1 - コピー (39).xlsxのパスワード設定中
12/17 15:06  1 - コピー (45).xlsxのパスワード設定中
12/17 15:06  1 - コピー (42).xlsxはパスワードが設定されている為、パスワードを設定できません。
12/17 15:06  1 - コピー (43).xlsxのパスワード設定中
12/17 15:06  1 - コピー (67).xlsxのパスワード設定中
12/17 15:06  1 - コピー (91).xlsxはパスワードが設定されている為、パスワードを設定できません。
12/17 15:06  1 - コピー (92).xlsxのパスワード設定中
12/17 15:06  1 - コピー (93).xlsxのパスワード設定中
12/17 15:06  1 - コピー (12).xlsxのパスワード設定中
12/17 15:07  1 - コピー (10).xlsxはパスワードが設定されている為、パスワードを設定できません。
12/17 15:07  1 - コピー (11).xlsxのパスワード設定中
12/17 15:07  1 - コピー (46).xlsxのパスワード設定中
12/17 15:07  1 - コピー (65).xlsxはパスワードが設定されている為、パスワードを設定できません。
12/17 15:07  1 - コピー (66).xlsxのパスワード設定中
12/17 15:07  1 - コピー (39).xlsxはパスワードが設定されている為、パスワードを設定できません。
12/17 15:07  1 - コピー (40).xlsxのパスワード設定中
12/17 15:07  1 - コピー (45).xlsxはパスワードが設定されている為、パスワードを設定できません。
12/17 15:07  1 - コピー (47).xlsxのパスワード設定中
12/17 15:07  1 - コピー (43).xlsxはパスワードが設定されている為、パスワードを設定できません。
12/17 15:07  1 - コピー (44).xlsxのパスワード設定中
12/17 15:07  1 - コピー (67).xlsxはパスワードが設定されている為、パスワードを設定できません。
12/17 15:07  1 - コピー (68).xlsxのパスワード設定中
12/17 15:07  1 - コピー (93).xlsxはパスワードが設定されている為、パスワードを設定できません。
12/17 15:07  1 - コピー (94).xlsxのパスワード設定中
12/17 15:07  1 - コピー (96).xlsxのパスワード設定中
12/17 15:07  1 - コピー (12).xlsxはパスワードが設定されている為、パスワードを設定できません。
12/17 15:07  1 - コピー (13).xlsxのパスワード設定中
12/17 15:07  1 - コピー (49).xlsxのパスワード設定中
12/17 15:07  1 - コピー (15).xlsxのパスワード設定中
12/17 15:07  1 - コピー (50).xlsxのパスワード設定中
12/17 15:07  1 - コピー (40).xlsxはパスワードが設定されている為、パスワードを設定できません。
12/17 15:07  1 - コピー (52).xlsxのパスワード設定中
12/17 15:07  1 - コピー (70).xlsxのパスワード設定中
12/17 15:07  1 - コピー (44).xlsxはパスワードが設定されている為、パスワードを設定できません。
12/17 15:07  1 - コピー (78).xlsxのパスワード設定中
12/17 15:07  1 - コピー (48).xlsxのパスワード設定中
12/17 15:07  1 - コピー (68).xlsxはパスワードが設定されている為、パスワードを設定できません。
12/17 15:07  1 - コピー (69).xlsxのパスワード設定中
12/17 15:07  1 - コピー (104).xlsxのパスワード設定中
12/17 15:07  1 - コピー (94).xlsxはパスワードが設定されている為、パスワードを設定できません。
12/17 15:07  1 - コピー (95).xlsxのパスワード設定中
12/17 15:07  1 - コピー (96).xlsxはパスワードが設定されている為、パスワードを設定できません。
12/17 15:07  1 - コピー (97).xlsxのパスワード設定中
12/17 15:07  1 - コピー (105).xlsxのパスワード設定中
12/17 15:07  1 - コピー (14).xlsxのパスワード設定中
12/17 15:07  1 - コピー (49).xlsxはパスワードが設定されている為、パスワードを設定できません。
12/17 15:07  1 - コピー (106).xlsxのパスワード設定中
12/17 15:07  1 - コピー (23).xlsxのパスワード設定中
12/17 15:07  1 - コピー (16).xlsxのパスワード設定中
12/17 15:07  1.xlsxのパスワード設定中
12/17 15:07  1 - コピー (51).xlsxのパスワード設定中
12/17 15:07  1 - コピー (70).xlsxはパスワードが設定されている為、パスワードを設定できません。
12/17 15:07  1 - コピー (71).xlsxのパスワード設定中
12/17 15:07  1 - コピー (53).xlsxのパスワード設定中
12/17 15:07  1 - コピー (48).xlsxはパスワードが設定されている為、パスワードを設定できません。
12/17 15:07  1 - コピー (2).xlsxのパスワード設定中
12/17 15:07  1 - コピー (79).xlsxのパスワード設定中
12/17 15:07  1 - コピー (24).xlsxのパスワード設定中
12/17 15:07  1 - コピー (28).xlsxのパスワード設定中
12/17 15:07  1 - コピー (30).xlsxのパスワード設定中
12/17 15:07  1 - コピー (98).xlsxのパスワード設定中
12/17 15:07  1 - コピー.xlsxのパスワード設定中
12/17 15:07  1 - コピー (17).xlsxのパスワード設定中
12/17 15:07  1 - コピー (72).xlsxのパスワード設定中
12/17 15:07  1 - コピー (54).xlsxのパスワード設定中
12/17 15:07  1 - コピー (3).xlsxのパスワード設定中
12/17 15:07  1 - コピー (80).xlsxのパスワード設定中
12/17 15:07  1 - コピー (25).xlsxのパスワード設定中
12/17 15:07  1 - コピー (29).xlsxのパスワード設定中
12/17 15:07  1 - コピー (99).xlsxのパスワード設定中
12/17 15:07  1 - コピー (18).xlsxのパスワード設定中
12/17 15:07  1 - コピー (73).xlsxのパスワード設定中
12/17 15:07  1 - コピー (55).xlsxのパスワード設定中
12/17 15:07  1 - コピー (4).xlsxのパスワード設定中
12/17 15:07  1 - コピー (81).xlsxのパスワード設定中
12/17 15:07  1 - コピー (26).xlsxのパスワード設定中
12/17 15:07  1 - コピー (100).xlsxのパスワード設定中
12/17 15:07  1 - コピー (19).xlsxのパスワード設定中
12/17 15:07  1 - コピー (74).xlsxのパスワード設定中
12/17 15:07  1 - コピー (56).xlsxのパスワード設定中
12/17 15:07  1 - コピー (82).xlsxのパスワード設定中
12/17 15:07  1 - コピー (27).xlsxのパスワード設定中
12/17 15:07  1 - コピー (101).xlsxのパスワード設定中
12/17 15:07  1 - コピー (20).xlsxのパスワード設定中
12/17 15:07  1 - コピー (75).xlsxのパスワード設定中
12/17 15:07  1 - コピー (57).xlsxのパスワード設定中
12/17 15:07  1 - コピー (83).xlsxのパスワード設定中
12/17 15:08  1 - コピー (102).xlsxのパスワード設定中
12/17 15:08  1 - コピー (21).xlsxのパスワード設定中
12/17 15:08  1 - コピー (76).xlsxのパスワード設定中
12/17 15:08  1 - コピー (58).xlsxのパスワード設定中
12/17 15:08  1 - コピー (84).xlsxのパスワード設定中
12/17 15:08  1 - コピー (103).xlsxのパスワード設定中
12/17 15:08  1 - コピー (22).xlsxのパスワード設定中
12/17 15:08  1 - コピー (77).xlsxのパスワード設定中
12/17 15:08  1 - コピー (59).xlsxのパスワード設定中
12/17 15:08  1 - コピー (85).xlsxのパスワード設定中
12/17 15:08  パスワード設定完了
12/17 15:13  CSVファイルの取得開始
12/17 15:13  CSVファイルの取得終了
12/17 15:13  Excelファイルの取得開始
12/17 15:13  *.xltファイルの取得終了
12/17 15:13  *.xlsファイルの取得終了
12/17 15:13  *.xmlファイルの取得終了
12/17 15:13  *.xlaファイルの取得終了
12/17 15:13  *.xlwファイルの取得終了
12/17 15:13  Excelファイル取得正常終了
12/17 15:13  パスワード設定の開始
12/17 15:13  1 - コピー (34).xlsxのパスワード設定中
12/17 15:13  1 - コピー (86).xlsxのパスワード設定中
12/17 15:13  1 - コピー (60).xlsxのパスワード設定中
12/17 15:13  1 - コピー (5).xlsxのパスワード設定中
12/17 15:13  1 - コピー (5).xlsxはパスワードが設定されている為、パスワードを設定できません。
12/17 15:13  1 - コピー (6).xlsxのパスワード設定中
12/17 15:13  1 - コピー (60).xlsxはパスワードが設定されている為、パスワードを設定できません。
12/17 15:13  1 - コピー (61).xlsxのパスワード設定中
12/17 15:13  1 - コピー (34).xlsxはパスワードが設定されている為、パスワードを設定できません。
12/17 15:13  1 - コピー (35).xlsxのパスワード設定中
12/17 15:13  1 - コピー (86).xlsxはパスワードが設定されている為、パスワードを設定できません。
12/17 15:13  1 - コピー (87).xlsxのパスワード設定中
12/17 15:13  1 - コピー (6).xlsxはパスワードが設定されている為、パスワードを設定できません。
12/17 15:13  1 - コピー (7).xlsxのパスワード設定中
12/17 15:13  1 - コピー (61).xlsxはパスワードが設定されている為、パスワードを設定できません。
12/17 15:13  1 - コピー (62).xlsxのパスワード設定中
12/17 15:13  1 - コピー (35).xlsxはパスワードが設定されている為、パスワードを設定できません。
12/17 15:13  1 - コピー (36).xlsxのパスワード設定中
12/17 15:13  1 - コピー (87).xlsxはパスワードが設定されている為、パスワードを設定できません。
12/17 15:13  1 - コピー (88).xlsxのパスワード設定中
12/17 15:13  1 - コピー (7).xlsxはパスワードが設定されている為、パスワードを設定できません。
12/17 15:13  1 - コピー (62).xlsxはパスワードが設定されている為、パスワードを設定できません。
12/17 15:13  1 - コピー (36).xlsxはパスワードが設定されている為、パスワードを設定できません。
12/17 15:13  1 - コピー (88).xlsxはパスワードが設定されている為、パスワードを設定できません。
12/17 15:14  CSVファイルの取得開始
12/17 15:14  CSVファイルの取得終了
12/17 15:14  Excelファイルの取得開始
12/17 15:14  *.xltファイルの取得終了
12/17 15:14  *.xlsファイルの取得終了
12/17 15:14  *.xmlファイルの取得終了
12/17 15:14  *.xlaファイルの取得終了
12/17 15:14  *.xlwファイルの取得終了
12/17 15:14  Excelファイル取得正常終了
12/17 15:14  パスワード設定の開始
12/17 15:14  1 - コピー (34).xlsxのパスワード設定中
12/17 15:14  1 - コピー (60).xlsxのパスワード設定中
12/17 15:14  1 - コピー (86).xlsxのパスワード設定中
12/17 15:14  1 - コピー (5).xlsxのパスワード設定中
12/17 15:14  1 - コピー (34).xlsxはパスワードが設定されている為、パスワードを設定できません。
12/17 15:14  1 - コピー (35).xlsxのパスワード設定中
12/17 15:14  1 - コピー (60).xlsxはパスワードが設定されている為、パスワードを設定できません。
12/17 15:14  1 - コピー (61).xlsxのパスワード設定中
12/17 15:14  1 - コピー (86).xlsxはパスワードが設定されている為、パスワードを設定できません。
12/17 15:14  1 - コピー (87).xlsxのパスワード設定中
12/17 15:14  1 - コピー (5).xlsxはパスワードが設定されている為、パスワードを設定できません。
12/17 15:14  1 - コピー (6).xlsxのパスワード設定中
12/17 15:14  1 - コピー (35).xlsxはパスワードが設定されている為、パスワードを設定できません。
12/17 15:14  1 - コピー (36).xlsxのパスワード設定中
12/17 15:14  1 - コピー (61).xlsxはパスワードが設定されている為、パスワードを設定できません。
12/17 15:14  1 - コピー (62).xlsxのパスワード設定中
12/17 15:14  1 - コピー (87).xlsxはパスワードが設定されている為、パスワードを設定できません。
12/17 15:14  1 - コピー (88).xlsxのパスワード設定中
12/17 15:14  1 - コピー (6).xlsxはパスワードが設定されている為、パスワードを設定できません。
12/17 15:14  1 - コピー (36).xlsxはパスワードが設定されている為、パスワードを設定できません。
12/17 15:14  1 - コピー (62).xlsxはパスワードが設定されている為、パスワードを設定できません。
12/17 15:14  1 - コピー (88).xlsxはパスワードが設定されている為、パスワードを設定できません。
12/17 15:14  CSVファイルの取得開始
12/17 15:14  CSVファイルの取得終了
12/17 15:14  Excelファイルの取得開始
12/17 15:14  *.xltファイルの取得終了
12/17 15:14  *.xlsファイルの取得終了
12/17 15:14  *.xmlファイルの取得終了
12/17 15:14  *.xlaファイルの取得終了
12/17 15:14  *.xlwファイルの取得終了
12/17 15:14  Excelファイル取得正常終了
12/17 15:14  パスワード設定の開始
12/17 15:14  1 - コピー (34).xlsxのパスワード設定中
12/17 15:14  1 - コピー (5).xlsxのパスワード設定中
12/17 15:14  1 - コピー (86).xlsxのパスワード設定中
12/17 15:14  1 - コピー (60).xlsxのパスワード設定中
12/17 15:14  1 - コピー (5).xlsxはパスワードが設定されている為、パスワードを設定できません。
12/17 15:14  1 - コピー (6).xlsxのパスワード設定中
12/17 15:14  1 - コピー (34).xlsxはパスワードが設定されている為、パスワードを設定できません。
12/17 15:14  1 - コピー (35).xlsxのパスワード設定中
12/17 15:14  1 - コピー (86).xlsxはパスワードが設定されている為、パスワードを設定できません。
12/17 15:14  1 - コピー (60).xlsxはパスワードが設定されている為、パスワードを設定できません。
12/17 15:14  1 - コピー (6).xlsxはパスワードが設定されている為、パスワードを設定できません。
12/17 15:14  1 - コピー (35).xlsxはパスワードが設定されている為、パスワードを設定できません。
